#-----------------------------------------------------------
# Vivado v2019.1 (64-bit)
# SW Build 2552052 on Fri May 24 14:49:42 MDT 2019
# IP Build 2548770 on Fri May 24 18:01:18 MDT 2019
# Start of session at: Wed Jan 11 08:14:16 2023
# Process ID: 20228
# Current directory: C:/SSTU Dosyalar/project_final
# Command line: vivado.exe -gui_launcher_event rodinguilauncherevent17744 C:\SSTU Dosyalar\project_final\project_final.xpr
# Log file: C:/SSTU Dosyalar/project_final/vivado.log
# Journal file: C:/SSTU Dosyalar/project_final\vivado.jou
#-----------------------------------------------------------
start_gui
open_project {C:/SSTU Dosyalar/project_final/project_final.xpr}
Scanning sources...
Finished scanning sources
INFO: [IP_Flow 19-234] Refreshing IP repositories
INFO: [IP_Flow 19-1704] No user IP repositories specified
INFO: [IP_Flow 19-2313] Loaded Vivado IP repository 'D:/Xilinx/Vivado/2019.1/data/ip'.
open_project: Time (s): cpu = 00:00:17 ; elapsed = 00:00:18 . Memory (MB): peak = 751.719 ; gain = 136.062
update_compile_order -fileset sources_1
export_ip_user_files -of_objects  [get_files {{C:/SSTU Dosyalar/project_final/project_final.srcs/sim_1/imports/final_project/tb_TOP_behav.wcfg}}] -no_script -reset -force -quiet
remove_files  -fileset sim_1 {{C:/SSTU Dosyalar/project_final/project_final.srcs/sim_1/imports/final_project/tb_TOP_behav.wcfg}}
archive_project {C:/SSTU Dosyalar/project_finallllllllll.xpr.zip} -temp_dir {C:/SSTU Dosyalar/project_final/.Xil/Vivado-20228-Akcil} -force -include_local_ip_cache
INFO: [Coretcl 2-137] starting archive...
INFO: [Coretcl 2-1499] Saving project copy to temporary location 'C:/SSTU Dosyalar/project_final/.Xil/Vivado-20228-Akcil' for archiving project
Scanning sources...
Finished scanning sources
INFO: [Coretcl 2-1211] Creating project copy for archival...
INFO: [Coretcl 2-1213] Including run results for 'synth_1'
INFO: [Coretcl 2-1213] Including run results for 'impl_1'
INFO: [Coretcl 2-1209] Adding archive summary file to the project...
INFO: [Coretcl 2-1214] Preparing project files for archive...
INFO: [Coretcl 2-1210] Compressing project files and data...
INFO: [Coretcl 2-1215] Project archived (C:/SSTU Dosyalar/project_finallllllllll.xpr.zip)
INFO: [Coretcl 2-1216] To view the archive summary log in GUI, double click on 'Design Sources->Text->archive_project_summary.txt', or open this file from the archived project directory.
exit
INFO: [Common 17-206] Exiting Vivado at Thu Jan 12 19:40:50 2023...
