#-----------------------------------------------------------
# Vivado v2019.1 (64-bit)
# SW Build 2552052 on Fri May 24 14:49:42 MDT 2019
# IP Build 2548770 on Fri May 24 18:01:18 MDT 2019
# Start of session at: Wed Dec 14 18:27:30 2022
# Process ID: 2296
# Current directory: C:/SSTU Dosyalar/project_experiment_7
# Command line: vivado.exe -gui_launcher_event rodinguilauncherevent7396 C:\SSTU Dosyalar\project_experiment_7\project_experiment_7.xpr
# Log file: C:/SSTU Dosyalar/project_experiment_7/vivado.log
# Journal file: C:/SSTU Dosyalar/project_experiment_7\vivado.jou
#-----------------------------------------------------------
start_gui
open_project {C:/SSTU Dosyalar/project_experiment_7/project_experiment_7.xpr}
Scanning sources...
Finished scanning sources
INFO: [IP_Flow 19-234] Refreshing IP repositories
INFO: [IP_Flow 19-1704] No user IP repositories specified
INFO: [IP_Flow 19-2313] Loaded Vivado IP repository 'D:/Xilinx/Vivado/2019.1/data/ip'.
open_project: Time (s): cpu = 00:00:11 ; elapsed = 00:00:21 . Memory (MB): peak = 711.262 ; gain = 121.473
update_compile_order -fileset sources_1
exit
INFO: [Common 17-206] Exiting Vivado at Wed Dec 14 18:30:55 2022...
