#-----------------------------------------------------------
# Vivado v2019.1 (64-bit)
# SW Build 2552052 on Fri May 24 14:49:42 MDT 2019
# IP Build 2548770 on Fri May 24 18:01:18 MDT 2019
# Start of session at: Thu Nov  3 12:39:15 2022
# Process ID: 14320
# Current directory: C:/SSTU Dosyalar/project_experiment_3
# Command line: vivado.exe -gui_launcher_event rodinguilauncherevent17628 C:\SSTU Dosyalar\project_experiment_3\project_experiment_3.xpr
# Log file: C:/SSTU Dosyalar/project_experiment_3/vivado.log
# Journal file: C:/SSTU Dosyalar/project_experiment_3\vivado.jou
#-----------------------------------------------------------
start_gui
open_project {C:/SSTU Dosyalar/project_experiment_3/project_experiment_3.xpr}
Scanning sources...
Finished scanning sources
INFO: [IP_Flow 19-234] Refreshing IP repositories
INFO: [IP_Flow 19-1704] No user IP repositories specified
INFO: [IP_Flow 19-2313] Loaded Vivado IP repository 'D:/Xilinx/Vivado/2019.1/data/ip'.
open_project: Time (s): cpu = 00:00:10 ; elapsed = 00:00:14 . Memory (MB): peak = 714.555 ; gain = 114.273
update_compile_order -fileset sources_1
exit
INFO: [Common 17-206] Exiting Vivado at Thu Nov  3 12:44:36 2022...
