Vivado Simulator 2019.1
Copyright 1986-1999, 2001-2019 Xilinx, Inc. All Rights Reserved.
Running: D:/Xilinx/Vivado/2019.1/bin/unwrapped/win64.o/xelab.exe -wto 71ccdb35f7d64023b55d57f4133499fc --incr --debug typical --relax --mt 2 --maxdelay -L xil_defaultlib -L simprims_ver -L secureip --snapshot MULTS_tb_time_synth -transport_int_delays -pulse_r 0 -pulse_int_r 0 -pulse_e 0 -pulse_int_e 0 xil_defaultlib.MULTS_tb xil_defaultlib.glbl -log elaborate.log 
Using 2 slave threads.
Starting static elaboration
Completed static elaboration
Starting simulation data flow analysis
Completed simulation data flow analysis
INFO: [XSIM 43-3451] SDF backannotation process started with SDF file "MULTS_tb_time_synth.sdf", for root module "MULTS_tb/mults".
INFO: [XSIM 43-3452] SDF backannotation was successful for SDF file "MULTS_tb_time_synth.sdf", for root module "MULTS_tb/mults".
Time Resolution for simulation is 1ps
Compiling module simprims_ver.IBUF
Compiling module simprims_ver.x_lut3_mux8
Compiling module simprims_ver.LUT3
Compiling module simprims_ver.LUT5
Compiling module simprims_ver.x_lut2_mux4
Compiling module simprims_ver.LUT2
Compiling module simprims_ver.LUT6
Compiling module simprims_ver.x_lut1_mux2
Compiling module simprims_ver.LUT1
Compiling module xil_defaultlib.CLA_29
Compiling module simprims_ver.LUT4
Compiling module xil_defaultlib.CLA_30
Compiling module xil_defaultlib.CLA_31
Compiling module xil_defaultlib.CLA_32
Compiling module xil_defaultlib.CLA_16_bit
Compiling module xil_defaultlib.CLA_25
Compiling module xil_defaultlib.CLA_26
Compiling module xil_defaultlib.CLA_27
Compiling module xil_defaultlib.CLA_28
Compiling module xil_defaultlib.CLA_16_bit_0
Compiling module xil_defaultlib.CLA_21
Compiling module xil_defaultlib.CLA_22
Compiling module xil_defaultlib.CLA_23
Compiling module xil_defaultlib.CLA_24
Compiling module xil_defaultlib.CLA_16_bit_1
Compiling module xil_defaultlib.CLA_17
Compiling module xil_defaultlib.CLA_18
Compiling module xil_defaultlib.CLA_19
Compiling module xil_defaultlib.CLA_20
Compiling module xil_defaultlib.CLA_16_bit_2
Compiling module xil_defaultlib.CLA_13
Compiling module xil_defaultlib.CLA_14
Compiling module xil_defaultlib.CLA_15
Compiling module xil_defaultlib.CLA_16
Compiling module xil_defaultlib.CLA_16_bit_3
Compiling module xil_defaultlib.CLA_9
Compiling module xil_defaultlib.CLA_10
Compiling module xil_defaultlib.CLA_11
Compiling module xil_defaultlib.CLA_12
Compiling module xil_defaultlib.CLA_16_bit_4
Compiling module xil_defaultlib.CLA
Compiling module xil_defaultlib.CLA_6
Compiling module xil_defaultlib.CLA_7
Compiling module xil_defaultlib.CLA_8
Compiling module xil_defaultlib.CLA_16_bit_5
Compiling module simprims_ver.FDRE_default
Compiling module simprims_ver.BUFG
Compiling module simprims_ver.OBUF
Compiling module xil_defaultlib.MULTS
Compiling module xil_defaultlib.MULTS_tb
Compiling module xil_defaultlib.glbl
Built simulation snapshot MULTS_tb_time_synth
