#-----------------------------------------------------------
# Vivado v2019.1 (64-bit)
# SW Build 2552052 on Fri May 24 14:49:42 MDT 2019
# IP Build 2548770 on Fri May 24 18:01:18 MDT 2019
# Start of session at: Wed Oct 19 19:05:35 2022
# Process ID: 15508
# Current directory: C:/SSTU Dosyalar/project_experiment_1
# Command line: vivado.exe -gui_launcher_event rodinguilauncherevent18132 C:\SSTU Dosyalar\project_experiment_1\project_experiment_1.xpr
# Log file: C:/SSTU Dosyalar/project_experiment_1/vivado.log
# Journal file: C:/SSTU Dosyalar/project_experiment_1\vivado.jou
#-----------------------------------------------------------
start_gui
open_project {C:/SSTU Dosyalar/project_experiment_1/project_experiment_1.xpr}
Scanning sources...
Finished scanning sources
INFO: [IP_Flow 19-234] Refreshing IP repositories
INFO: [IP_Flow 19-1704] No user IP repositories specified
INFO: [IP_Flow 19-2313] Loaded Vivado IP repository 'D:/Xilinx/Vivado/2019.1/data/ip'.
open_project: Time (s): cpu = 00:00:10 ; elapsed = 00:00:13 . Memory (MB): peak = 750.742 ; gain = 133.348
update_compile_order -fileset sources_1
close [ open {C:/SSTU Dosyalar/project_experiment_1/project_experiment_1.srcs/sources_1/new/TOP_Module.v} w ]
add_files {{C:/SSTU Dosyalar/project_experiment_1/project_experiment_1.srcs/sources_1/new/TOP_Module.v}}
update_compile_order -fileset sources_1
update_compile_order -fileset sources_1
update_compile_order -fileset sim_1
set_property SOURCE_SET sources_1 [get_filesets sim_1]
close [ open {C:/SSTU Dosyalar/project_experiment_1/project_experiment_1.srcs/sim_1/new/AND_tb.v} w ]
add_files -fileset sim_1 {{C:/SSTU Dosyalar/project_experiment_1/project_experiment_1.srcs/sim_1/new/AND_tb.v}}
update_compile_order -fileset sim_1
set_property SOURCE_SET sources_1 [get_filesets sim_1]
close [ open {C:/SSTU Dosyalar/project_experiment_1/project_experiment_1.srcs/sim_1/new/EXOR_tb.v} w ]
add_files -fileset sim_1 {{C:/SSTU Dosyalar/project_experiment_1/project_experiment_1.srcs/sim_1/new/EXOR_tb.v}}
close [ open {C:/SSTU Dosyalar/project_experiment_1/project_experiment_1.srcs/sim_1/new/NAND_tb.v} w ]
add_files -fileset sim_1 {{C:/SSTU Dosyalar/project_experiment_1/project_experiment_1.srcs/sim_1/new/NAND_tb.v}}
close [ open {C:/SSTU Dosyalar/project_experiment_1/project_experiment_1.srcs/sim_1/new/EXNOR_tb.v} w ]
add_files -fileset sim_1 {{C:/SSTU Dosyalar/project_experiment_1/project_experiment_1.srcs/sim_1/new/EXNOR_tb.v}}
close [ open {C:/SSTU Dosyalar/project_experiment_1/project_experiment_1.srcs/sim_1/new/NOR_tb.v} w ]
add_files -fileset sim_1 {{C:/SSTU Dosyalar/project_experiment_1/project_experiment_1.srcs/sim_1/new/NOR_tb.v}}
close [ open {C:/SSTU Dosyalar/project_experiment_1/project_experiment_1.srcs/sim_1/new/OR_tb.v} w ]
add_files -fileset sim_1 {{C:/SSTU Dosyalar/project_experiment_1/project_experiment_1.srcs/sim_1/new/OR_tb.v}}
close [ open {C:/SSTU Dosyalar/project_experiment_1/project_experiment_1.srcs/sim_1/new/TRI_tb.v} w ]
add_files -fileset sim_1 {{C:/SSTU Dosyalar/project_experiment_1/project_experiment_1.srcs/sim_1/new/TRI_tb.v}}
update_compile_order -fileset sim_1
set_property SOURCE_SET sources_1 [get_filesets sim_1]
close [ open {C:/SSTU Dosyalar/project_experiment_1/project_experiment_1.srcs/sim_1/new/TOP_Module_tb.v} w ]
add_files -fileset sim_1 {{C:/SSTU Dosyalar/project_experiment_1/project_experiment_1.srcs/sim_1/new/TOP_Module_tb.v}}
update_compile_order -fileset sim_1
update_compile_order -fileset sim_1
launch_simulation
INFO: [Vivado 12-5682] Launching behavioral simulation in 'C:/SSTU Dosyalar/project_experiment_1/project_experiment_1.sim/sim_1/behav/xsim'
INFO: [SIM-utils-51] Simulation object is 'sim_1'
INFO: [SIM-utils-54] Inspecting design source files for 'AND_tb' in fileset 'sim_1'...
INFO: [USF-XSim-97] Finding global include files...
INFO: [USF-XSim-98] Fetching design files from 'sim_1'...
INFO: [USF-XSim-2] XSim::Compile design
INFO: [USF-XSim-61] Executing 'COMPILE and ANALYZE' step in 'C:/SSTU Dosyalar/project_experiment_1/project_experiment_1.sim/sim_1/behav/xsim'
"xvlog --incr --relax -prj AND_tb_vlog.prj"
INFO: [VRFC 10-2263] Analyzing Verilog file "C:/SSTU Dosyalar/project_experiment_1/project_experiment_1.srcs/sources_1/new/SSI_Library.v" into library xil_defaultlib
INFO: [VRFC 10-311] analyzing module AND
INFO: [VRFC 10-311] analyzing module OR
INFO: [VRFC 10-311] analyzing module NOT
INFO: [VRFC 10-311] analyzing module NAND
INFO: [VRFC 10-311] analyzing module NOR
INFO: [VRFC 10-311] analyzing module EXNOR
INFO: [VRFC 10-311] analyzing module EXOR
INFO: [VRFC 10-311] analyzing module TRI
INFO: [VRFC 10-2263] Analyzing Verilog file "C:/SSTU Dosyalar/project_experiment_1/project_experiment_1.srcs/sim_1/new/AND_tb.v" into library xil_defaultlib
INFO: [VRFC 10-311] analyzing module AND_tb
INFO: [USF-XSim-69] 'compile' step finished in '3' seconds
INFO: [USF-XSim-3] XSim::Elaborate design
INFO: [USF-XSim-61] Executing 'ELABORATE' step in 'C:/SSTU Dosyalar/project_experiment_1/project_experiment_1.sim/sim_1/behav/xsim'
"xelab -wto b3bc00a0fa4c45c78ee69e75bf208d7b --incr --debug typical --relax --mt 2 -L xil_defaultlib -L unisims_ver -L unimacro_ver -L secureip --snapshot AND_tb_behav xil_defaultlib.AND_tb xil_defaultlib.glbl -log elaborate.log"
Vivado Simulator 2019.1
Copyright 1986-1999, 2001-2019 Xilinx, Inc. All Rights Reserved.
Running: D:/Xilinx/Vivado/2019.1/bin/unwrapped/win64.o/xelab.exe -wto b3bc00a0fa4c45c78ee69e75bf208d7b --incr --debug typical --relax --mt 2 -L xil_defaultlib -L unisims_ver -L unimacro_ver -L secureip --snapshot AND_tb_behav xil_defaultlib.AND_tb xil_defaultlib.glbl -log elaborate.log 
Using 2 slave threads.
Starting static elaboration
Completed static elaboration
Starting simulation data flow analysis
Completed simulation data flow analysis
Time Resolution for simulation is 1ps
Compiling module xil_defaultlib.AND
Compiling module xil_defaultlib.AND_tb
Compiling module xil_defaultlib.glbl
Built simulation snapshot AND_tb_behav

****** Webtalk v2019.1 (64-bit)
  **** SW Build 2552052 on Fri May 24 14:49:42 MDT 2019
  **** IP Build 2548770 on Fri May 24 18:01:18 MDT 2019
    ** Copyright 1986-2019 Xilinx, Inc. All Rights Reserved.

source C:/SSTU -notrace
couldn't read file "C:/SSTU": permission denied
INFO: [Common 17-206] Exiting Webtalk at Wed Oct 19 21:13:27 2022...
run_program: Time (s): cpu = 00:00:00 ; elapsed = 00:00:06 . Memory (MB): peak = 757.922 ; gain = 0.000
INFO: [USF-XSim-69] 'elaborate' step finished in '6' seconds
INFO: [USF-XSim-4] XSim::Simulate design
INFO: [USF-XSim-61] Executing 'SIMULATE' step in 'C:/SSTU Dosyalar/project_experiment_1/project_experiment_1.sim/sim_1/behav/xsim'
INFO: [USF-XSim-98] *** Running xsim
   with args "AND_tb_behav -key {Behavioral:sim_1:Functional:AND_tb} -tclbatch {AND_tb.tcl} -log {simulate.log}"
INFO: [USF-XSim-8] Loading simulator feature
Vivado Simulator 2019.1
Time resolution is 1 ps
source AND_tb.tcl
# set curr_wave [current_wave_config]
# if { [string length $curr_wave] == 0 } {
#   if { [llength [get_objects]] > 0} {
#     add_wave /
#     set_property needs_save false [current_wave_config]
#   } else {
#      send_msg_id Add_Wave-1 WARNING "No top level signals found. Simulator will start without a wave window. If you want to open a wave window go to 'File->New Waveform Configuration' or type 'create_wave_config' in the TCL console."
#   }
# }
# run 1000ns
INFO: [USF-XSim-96] XSim completed. Design snapshot 'AND_tb_behav' loaded.
INFO: [USF-XSim-97] XSim simulation ran for 1000ns
launch_simulation: Time (s): cpu = 00:00:07 ; elapsed = 00:00:13 . Memory (MB): peak = 813.391 ; gain = 55.469
close_sim
INFO: [Simtcl 6-16] Simulation closed
set_property top Top_Module_tb [get_filesets sim_1]
set_property top_lib xil_defaultlib [get_filesets sim_1]
update_compile_order -fileset sim_1
launch_simulation
INFO: [Vivado 12-5682] Launching behavioral simulation in 'C:/SSTU Dosyalar/project_experiment_1/project_experiment_1.sim/sim_1/behav/xsim'
INFO: [SIM-utils-51] Simulation object is 'sim_1'
INFO: [SIM-utils-54] Inspecting design source files for 'Top_Module_tb' in fileset 'sim_1'...
INFO: [USF-XSim-97] Finding global include files...
INFO: [USF-XSim-98] Fetching design files from 'sim_1'...
INFO: [USF-XSim-2] XSim::Compile design
INFO: [USF-XSim-61] Executing 'COMPILE and ANALYZE' step in 'C:/SSTU Dosyalar/project_experiment_1/project_experiment_1.sim/sim_1/behav/xsim'
"xvlog --incr --relax -prj Top_Module_tb_vlog.prj"
INFO: [VRFC 10-2263] Analyzing Verilog file "C:/SSTU Dosyalar/project_experiment_1/project_experiment_1.srcs/sources_1/new/TOP_Module.v" into library xil_defaultlib
INFO: [VRFC 10-311] analyzing module Top_Module
INFO: [VRFC 10-2263] Analyzing Verilog file "C:/SSTU Dosyalar/project_experiment_1/project_experiment_1.srcs/sim_1/new/TOP_Module_tb.v" into library xil_defaultlib
INFO: [VRFC 10-311] analyzing module Top_Module_tb
INFO: [USF-XSim-69] 'compile' step finished in '1' seconds
INFO: [USF-XSim-3] XSim::Elaborate design
INFO: [USF-XSim-61] Executing 'ELABORATE' step in 'C:/SSTU Dosyalar/project_experiment_1/project_experiment_1.sim/sim_1/behav/xsim'
"xelab -wto b3bc00a0fa4c45c78ee69e75bf208d7b --incr --debug typical --relax --mt 2 -L xil_defaultlib -L unisims_ver -L unimacro_ver -L secureip --snapshot Top_Module_tb_behav xil_defaultlib.Top_Module_tb xil_defaultlib.glbl -log elaborate.log"
Vivado Simulator 2019.1
Copyright 1986-1999, 2001-2019 Xilinx, Inc. All Rights Reserved.
Running: D:/Xilinx/Vivado/2019.1/bin/unwrapped/win64.o/xelab.exe -wto b3bc00a0fa4c45c78ee69e75bf208d7b --incr --debug typical --relax --mt 2 -L xil_defaultlib -L unisims_ver -L unimacro_ver -L secureip --snapshot Top_Module_tb_behav xil_defaultlib.Top_Module_tb xil_defaultlib.glbl -log elaborate.log 
Using 2 slave threads.
Starting static elaboration
ERROR: [VRFC 10-2538] module instantiation should have an instance name [C:/SSTU Dosyalar/project_experiment_1/project_experiment_1.srcs/sources_1/new/TOP_Module.v:9]
ERROR: [VRFC 10-2538] module instantiation should have an instance name [C:/SSTU Dosyalar/project_experiment_1/project_experiment_1.srcs/sources_1/new/TOP_Module.v:14]
ERROR: [VRFC 10-2538] module instantiation should have an instance name [C:/SSTU Dosyalar/project_experiment_1/project_experiment_1.srcs/sources_1/new/TOP_Module.v:19]
ERROR: [VRFC 10-2538] module instantiation should have an instance name [C:/SSTU Dosyalar/project_experiment_1/project_experiment_1.srcs/sources_1/new/TOP_Module.v:23]
ERROR: [VRFC 10-2538] module instantiation should have an instance name [C:/SSTU Dosyalar/project_experiment_1/project_experiment_1.srcs/sources_1/new/TOP_Module.v:28]
ERROR: [VRFC 10-2538] module instantiation should have an instance name [C:/SSTU Dosyalar/project_experiment_1/project_experiment_1.srcs/sources_1/new/TOP_Module.v:33]
ERROR: [VRFC 10-2538] module instantiation should have an instance name [C:/SSTU Dosyalar/project_experiment_1/project_experiment_1.srcs/sources_1/new/TOP_Module.v:38]
ERROR: [VRFC 10-2538] module instantiation should have an instance name [C:/SSTU Dosyalar/project_experiment_1/project_experiment_1.srcs/sources_1/new/TOP_Module.v:43]
ERROR: [XSIM 43-3322] Static elaboration of top level Verilog design unit(s) in library work failed.
INFO: [USF-XSim-69] 'elaborate' step finished in '1' seconds
INFO: [USF-XSim-99] Step results log file:'C:/SSTU Dosyalar/project_experiment_1/project_experiment_1.sim/sim_1/behav/xsim/elaborate.log'
ERROR: [USF-XSim-62] 'elaborate' step failed with error(s). Please check the Tcl console output or 'C:/SSTU Dosyalar/project_experiment_1/project_experiment_1.sim/sim_1/behav/xsim/elaborate.log' file for more information.
ERROR: [Vivado 12-4473] Detected error while running simulation. Please correct the issue and retry this operation.
ERROR: [Common 17-39] 'launch_simulation' failed due to earlier errors.
launch_simulation
INFO: [Vivado 12-5682] Launching behavioral simulation in 'C:/SSTU Dosyalar/project_experiment_1/project_experiment_1.sim/sim_1/behav/xsim'
INFO: [SIM-utils-51] Simulation object is 'sim_1'
INFO: [SIM-utils-54] Inspecting design source files for 'Top_Module_tb' in fileset 'sim_1'...
INFO: [USF-XSim-97] Finding global include files...
INFO: [USF-XSim-98] Fetching design files from 'sim_1'...
INFO: [USF-XSim-2] XSim::Compile design
INFO: [USF-XSim-61] Executing 'COMPILE and ANALYZE' step in 'C:/SSTU Dosyalar/project_experiment_1/project_experiment_1.sim/sim_1/behav/xsim'
"xvlog --incr --relax -prj Top_Module_tb_vlog.prj"
INFO: [USF-XSim-69] 'compile' step finished in '1' seconds
INFO: [USF-XSim-3] XSim::Elaborate design
INFO: [USF-XSim-61] Executing 'ELABORATE' step in 'C:/SSTU Dosyalar/project_experiment_1/project_experiment_1.sim/sim_1/behav/xsim'
"xelab -wto b3bc00a0fa4c45c78ee69e75bf208d7b --incr --debug typical --relax --mt 2 -L xil_defaultlib -L unisims_ver -L unimacro_ver -L secureip --snapshot Top_Module_tb_behav xil_defaultlib.Top_Module_tb xil_defaultlib.glbl -log elaborate.log"
Vivado Simulator 2019.1
Copyright 1986-1999, 2001-2019 Xilinx, Inc. All Rights Reserved.
Running: D:/Xilinx/Vivado/2019.1/bin/unwrapped/win64.o/xelab.exe -wto b3bc00a0fa4c45c78ee69e75bf208d7b --incr --debug typical --relax --mt 2 -L xil_defaultlib -L unisims_ver -L unimacro_ver -L secureip --snapshot Top_Module_tb_behav xil_defaultlib.Top_Module_tb xil_defaultlib.glbl -log elaborate.log 
Using 2 slave threads.
Starting static elaboration
ERROR: [VRFC 10-2538] module instantiation should have an instance name [C:/SSTU Dosyalar/project_experiment_1/project_experiment_1.srcs/sources_1/new/TOP_Module.v:9]
ERROR: [VRFC 10-2538] module instantiation should have an instance name [C:/SSTU Dosyalar/project_experiment_1/project_experiment_1.srcs/sources_1/new/TOP_Module.v:14]
ERROR: [VRFC 10-2538] module instantiation should have an instance name [C:/SSTU Dosyalar/project_experiment_1/project_experiment_1.srcs/sources_1/new/TOP_Module.v:19]
ERROR: [VRFC 10-2538] module instantiation should have an instance name [C:/SSTU Dosyalar/project_experiment_1/project_experiment_1.srcs/sources_1/new/TOP_Module.v:23]
ERROR: [VRFC 10-2538] module instantiation should have an instance name [C:/SSTU Dosyalar/project_experiment_1/project_experiment_1.srcs/sources_1/new/TOP_Module.v:28]
ERROR: [VRFC 10-2538] module instantiation should have an instance name [C:/SSTU Dosyalar/project_experiment_1/project_experiment_1.srcs/sources_1/new/TOP_Module.v:33]
ERROR: [VRFC 10-2538] module instantiation should have an instance name [C:/SSTU Dosyalar/project_experiment_1/project_experiment_1.srcs/sources_1/new/TOP_Module.v:38]
ERROR: [VRFC 10-2538] module instantiation should have an instance name [C:/SSTU Dosyalar/project_experiment_1/project_experiment_1.srcs/sources_1/new/TOP_Module.v:43]
ERROR: [XSIM 43-3322] Static elaboration of top level Verilog design unit(s) in library work failed.
INFO: [USF-XSim-69] 'elaborate' step finished in '1' seconds
INFO: [USF-XSim-99] Step results log file:'C:/SSTU Dosyalar/project_experiment_1/project_experiment_1.sim/sim_1/behav/xsim/elaborate.log'
ERROR: [USF-XSim-62] 'elaborate' step failed with error(s). Please check the Tcl console output or 'C:/SSTU Dosyalar/project_experiment_1/project_experiment_1.sim/sim_1/behav/xsim/elaborate.log' file for more information.
ERROR: [Vivado 12-4473] Detected error while running simulation. Please correct the issue and retry this operation.
ERROR: [Common 17-39] 'launch_simulation' failed due to earlier errors.
synth_design -rtl -name rtl_1
Command: synth_design -rtl -name rtl_1
Starting synth_design
Using part: xc7a100tcsg324-1
Top: Top_Module
INFO: [Device 21-403] Loading part xc7a100tcsg324-1
---------------------------------------------------------------------------------
Starting RTL Elaboration : Time (s): cpu = 00:00:03 ; elapsed = 00:00:04 . Memory (MB): peak = 1203.820 ; gain = 186.133
---------------------------------------------------------------------------------
INFO: [Synth 8-6157] synthesizing module 'Top_Module' [C:/SSTU Dosyalar/project_experiment_1/project_experiment_1.srcs/sources_1/new/TOP_Module.v:4]
INFO: [Synth 8-6157] synthesizing module 'AND' [C:/SSTU Dosyalar/project_experiment_1/project_experiment_1.srcs/sources_1/new/SSI_Library.v:5]
INFO: [Synth 8-6155] done synthesizing module 'AND' (1#1) [C:/SSTU Dosyalar/project_experiment_1/project_experiment_1.srcs/sources_1/new/SSI_Library.v:5]
INFO: [Synth 8-6157] synthesizing module 'OR' [C:/SSTU Dosyalar/project_experiment_1/project_experiment_1.srcs/sources_1/new/SSI_Library.v:16]
INFO: [Synth 8-6155] done synthesizing module 'OR' (2#1) [C:/SSTU Dosyalar/project_experiment_1/project_experiment_1.srcs/sources_1/new/SSI_Library.v:16]
INFO: [Synth 8-6157] synthesizing module 'NOT' [C:/SSTU Dosyalar/project_experiment_1/project_experiment_1.srcs/sources_1/new/SSI_Library.v:27]
INFO: [Synth 8-6155] done synthesizing module 'NOT' (3#1) [C:/SSTU Dosyalar/project_experiment_1/project_experiment_1.srcs/sources_1/new/SSI_Library.v:27]
INFO: [Synth 8-6157] synthesizing module 'NAND' [C:/SSTU Dosyalar/project_experiment_1/project_experiment_1.srcs/sources_1/new/SSI_Library.v:38]
INFO: [Synth 8-6155] done synthesizing module 'NAND' (4#1) [C:/SSTU Dosyalar/project_experiment_1/project_experiment_1.srcs/sources_1/new/SSI_Library.v:38]
INFO: [Synth 8-6157] synthesizing module 'NOR' [C:/SSTU Dosyalar/project_experiment_1/project_experiment_1.srcs/sources_1/new/SSI_Library.v:54]
INFO: [Synth 8-6155] done synthesizing module 'NOR' (5#1) [C:/SSTU Dosyalar/project_experiment_1/project_experiment_1.srcs/sources_1/new/SSI_Library.v:54]
INFO: [Synth 8-6157] synthesizing module 'EXNOR' [C:/SSTU Dosyalar/project_experiment_1/project_experiment_1.srcs/sources_1/new/SSI_Library.v:69]
INFO: [Synth 8-6157] synthesizing module 'LUT2' [D:/Xilinx/Vivado/2019.1/scripts/rt/data/unisim_comp.v:39042]
	Parameter INIT bound to: 4'b1001 
INFO: [Synth 8-6155] done synthesizing module 'LUT2' (6#1) [D:/Xilinx/Vivado/2019.1/scripts/rt/data/unisim_comp.v:39042]
INFO: [Synth 8-6155] done synthesizing module 'EXNOR' (7#1) [C:/SSTU Dosyalar/project_experiment_1/project_experiment_1.srcs/sources_1/new/SSI_Library.v:69]
INFO: [Synth 8-6157] synthesizing module 'EXOR' [C:/SSTU Dosyalar/project_experiment_1/project_experiment_1.srcs/sources_1/new/SSI_Library.v:88]
INFO: [Synth 8-6157] synthesizing module 'LUT2__parameterized0' [D:/Xilinx/Vivado/2019.1/scripts/rt/data/unisim_comp.v:39042]
	Parameter INIT bound to: 4'b0110 
INFO: [Synth 8-6155] done synthesizing module 'LUT2__parameterized0' (7#1) [D:/Xilinx/Vivado/2019.1/scripts/rt/data/unisim_comp.v:39042]
INFO: [Synth 8-6155] done synthesizing module 'EXOR' (8#1) [C:/SSTU Dosyalar/project_experiment_1/project_experiment_1.srcs/sources_1/new/SSI_Library.v:88]
INFO: [Synth 8-6157] synthesizing module 'TRI' [C:/SSTU Dosyalar/project_experiment_1/project_experiment_1.srcs/sources_1/new/SSI_Library.v:107]
INFO: [Synth 8-6155] done synthesizing module 'TRI' (9#1) [C:/SSTU Dosyalar/project_experiment_1/project_experiment_1.srcs/sources_1/new/SSI_Library.v:107]
INFO: [Synth 8-6155] done synthesizing module 'Top_Module' (10#1) [C:/SSTU Dosyalar/project_experiment_1/project_experiment_1.srcs/sources_1/new/TOP_Module.v:4]
WARNING: [Synth 8-3331] design Top_Module has unconnected port IN[15]
---------------------------------------------------------------------------------
Finished RTL Elaboration : Time (s): cpu = 00:00:04 ; elapsed = 00:00:05 . Memory (MB): peak = 1234.234 ; gain = 216.547
---------------------------------------------------------------------------------

Report Check Netlist: 
+------+------------------+-------+---------+-------+------------------+
|      |Item              |Errors |Warnings |Status |Description       |
+------+------------------+-------+---------+-------+------------------+
|1     |multi_driven_nets |      0|        0|Passed |Multi driven nets |
+------+------------------+-------+---------+-------+------------------+
---------------------------------------------------------------------------------
Start Handling Custom Attributes
---------------------------------------------------------------------------------
---------------------------------------------------------------------------------
Finished Handling Custom Attributes : Time (s): cpu = 00:00:04 ; elapsed = 00:00:05 . Memory (MB): peak = 1234.234 ; gain = 216.547
---------------------------------------------------------------------------------
---------------------------------------------------------------------------------
Finished RTL Optimization Phase 1 : Time (s): cpu = 00:00:04 ; elapsed = 00:00:05 . Memory (MB): peak = 1234.234 ; gain = 216.547
---------------------------------------------------------------------------------
INFO: [Project 1-570] Preparing netlist for logic optimization
INFO: [Opt 31-140] Inserted 4 IBUFs to IO ports without IO buffers.
INFO: [Opt 31-141] Inserted 2 OBUFs to IO ports without IO buffers.

Processing XDC Constraints
Initializing timing engine
Completed Processing XDC Constraints

INFO: [Opt 31-138] Pushed 0 inverter(s) to 0 load pin(s).
Netlist sorting complete. Time (s): cpu = 00:00:00 ; elapsed = 00:00:00 . Memory (MB): peak = 1342.660 ; gain = 0.000
INFO: [Project 1-111] Unisim Transformation Summary:
No Unisim elements were transformed.

RTL Elaboration Complete:  : Time (s): cpu = 00:00:11 ; elapsed = 00:00:11 . Memory (MB): peak = 1384.059 ; gain = 366.371
28 Infos, 1 Warnings, 0 Critical Warnings and 0 Errors encountered.
synth_design completed successfully
synth_design: Time (s): cpu = 00:00:15 ; elapsed = 00:00:19 . Memory (MB): peak = 1384.059 ; gain = 570.668
launch_simulation
INFO: [Vivado 12-5682] Launching behavioral simulation in 'C:/SSTU Dosyalar/project_experiment_1/project_experiment_1.sim/sim_1/behav/xsim'
INFO: [SIM-utils-51] Simulation object is 'sim_1'
INFO: [SIM-utils-54] Inspecting design source files for 'Top_Module_tb' in fileset 'sim_1'...
INFO: [USF-XSim-97] Finding global include files...
INFO: [USF-XSim-98] Fetching design files from 'sim_1'...
INFO: [USF-XSim-2] XSim::Compile design
INFO: [USF-XSim-61] Executing 'COMPILE and ANALYZE' step in 'C:/SSTU Dosyalar/project_experiment_1/project_experiment_1.sim/sim_1/behav/xsim'
"xvlog --incr --relax -prj Top_Module_tb_vlog.prj"
INFO: [VRFC 10-2263] Analyzing Verilog file "C:/SSTU Dosyalar/project_experiment_1/project_experiment_1.srcs/sources_1/new/SSI_Library.v" into library xil_defaultlib
INFO: [VRFC 10-311] analyzing module AND
INFO: [VRFC 10-311] analyzing module OR
INFO: [VRFC 10-311] analyzing module NOT
INFO: [VRFC 10-311] analyzing module NAND
INFO: [VRFC 10-311] analyzing module NOR
INFO: [VRFC 10-311] analyzing module EXNOR
INFO: [VRFC 10-311] analyzing module EXOR
INFO: [VRFC 10-311] analyzing module TRI
INFO: [VRFC 10-2263] Analyzing Verilog file "C:/SSTU Dosyalar/project_experiment_1/project_experiment_1.srcs/sources_1/new/TOP_Module.v" into library xil_defaultlib
INFO: [VRFC 10-311] analyzing module Top_Module
INFO: [VRFC 10-2263] Analyzing Verilog file "C:/SSTU Dosyalar/project_experiment_1/project_experiment_1.srcs/sim_1/new/TOP_Module_tb.v" into library xil_defaultlib
INFO: [VRFC 10-311] analyzing module Top_Module_tb
INFO: [USF-XSim-69] 'compile' step finished in '1' seconds
INFO: [USF-XSim-3] XSim::Elaborate design
INFO: [USF-XSim-61] Executing 'ELABORATE' step in 'C:/SSTU Dosyalar/project_experiment_1/project_experiment_1.sim/sim_1/behav/xsim'
"xelab -wto b3bc00a0fa4c45c78ee69e75bf208d7b --incr --debug typical --relax --mt 2 -L xil_defaultlib -L unisims_ver -L unimacro_ver -L secureip --snapshot Top_Module_tb_behav xil_defaultlib.Top_Module_tb xil_defaultlib.glbl -log elaborate.log"
Vivado Simulator 2019.1
Copyright 1986-1999, 2001-2019 Xilinx, Inc. All Rights Reserved.
Running: D:/Xilinx/Vivado/2019.1/bin/unwrapped/win64.o/xelab.exe -wto b3bc00a0fa4c45c78ee69e75bf208d7b --incr --debug typical --relax --mt 2 -L xil_defaultlib -L unisims_ver -L unimacro_ver -L secureip --snapshot Top_Module_tb_behav xil_defaultlib.Top_Module_tb xil_defaultlib.glbl -log elaborate.log 
Using 2 slave threads.
Starting static elaboration
ERROR: [VRFC 10-2538] module instantiation should have an instance name [C:/SSTU Dosyalar/project_experiment_1/project_experiment_1.srcs/sources_1/new/TOP_Module.v:9]
ERROR: [VRFC 10-2538] module instantiation should have an instance name [C:/SSTU Dosyalar/project_experiment_1/project_experiment_1.srcs/sources_1/new/TOP_Module.v:14]
ERROR: [VRFC 10-2538] module instantiation should have an instance name [C:/SSTU Dosyalar/project_experiment_1/project_experiment_1.srcs/sources_1/new/TOP_Module.v:19]
ERROR: [VRFC 10-2538] module instantiation should have an instance name [C:/SSTU Dosyalar/project_experiment_1/project_experiment_1.srcs/sources_1/new/TOP_Module.v:23]
ERROR: [VRFC 10-2538] module instantiation should have an instance name [C:/SSTU Dosyalar/project_experiment_1/project_experiment_1.srcs/sources_1/new/TOP_Module.v:28]
ERROR: [VRFC 10-2538] module instantiation should have an instance name [C:/SSTU Dosyalar/project_experiment_1/project_experiment_1.srcs/sources_1/new/TOP_Module.v:33]
ERROR: [VRFC 10-2538] module instantiation should have an instance name [C:/SSTU Dosyalar/project_experiment_1/project_experiment_1.srcs/sources_1/new/TOP_Module.v:38]
ERROR: [VRFC 10-2538] module instantiation should have an instance name [C:/SSTU Dosyalar/project_experiment_1/project_experiment_1.srcs/sources_1/new/TOP_Module.v:43]
ERROR: [XSIM 43-3322] Static elaboration of top level Verilog design unit(s) in library work failed.
INFO: [USF-XSim-69] 'elaborate' step finished in '1' seconds
INFO: [USF-XSim-99] Step results log file:'C:/SSTU Dosyalar/project_experiment_1/project_experiment_1.sim/sim_1/behav/xsim/elaborate.log'
ERROR: [USF-XSim-62] 'elaborate' step failed with error(s). Please check the Tcl console output or 'C:/SSTU Dosyalar/project_experiment_1/project_experiment_1.sim/sim_1/behav/xsim/elaborate.log' file for more information.
ERROR: [Vivado 12-4473] Detected error while running simulation. Please correct the issue and retry this operation.
ERROR: [Common 17-39] 'launch_simulation' failed due to earlier errors.
launch_simulation
INFO: [Vivado 12-5682] Launching behavioral simulation in 'C:/SSTU Dosyalar/project_experiment_1/project_experiment_1.sim/sim_1/behav/xsim'
INFO: [SIM-utils-51] Simulation object is 'sim_1'
INFO: [SIM-utils-54] Inspecting design source files for 'Top_Module_tb' in fileset 'sim_1'...
INFO: [USF-XSim-97] Finding global include files...
INFO: [USF-XSim-98] Fetching design files from 'sim_1'...
INFO: [USF-XSim-2] XSim::Compile design
INFO: [USF-XSim-61] Executing 'COMPILE and ANALYZE' step in 'C:/SSTU Dosyalar/project_experiment_1/project_experiment_1.sim/sim_1/behav/xsim'
"xvlog --incr --relax -prj Top_Module_tb_vlog.prj"
INFO: [VRFC 10-2263] Analyzing Verilog file "C:/SSTU Dosyalar/project_experiment_1/project_experiment_1.srcs/sources_1/new/SSI_Library.v" into library xil_defaultlib
INFO: [VRFC 10-311] analyzing module AND
INFO: [VRFC 10-311] analyzing module OR
INFO: [VRFC 10-311] analyzing module NOT
INFO: [VRFC 10-311] analyzing module NAND
INFO: [VRFC 10-311] analyzing module NOR
INFO: [VRFC 10-311] analyzing module EXNOR
INFO: [VRFC 10-311] analyzing module EXOR
INFO: [VRFC 10-311] analyzing module TRI
INFO: [VRFC 10-2263] Analyzing Verilog file "C:/SSTU Dosyalar/project_experiment_1/project_experiment_1.srcs/sources_1/new/TOP_Module.v" into library xil_defaultlib
INFO: [VRFC 10-311] analyzing module Top_Module
INFO: [VRFC 10-2263] Analyzing Verilog file "C:/SSTU Dosyalar/project_experiment_1/project_experiment_1.srcs/sim_1/new/TOP_Module_tb.v" into library xil_defaultlib
INFO: [VRFC 10-311] analyzing module Top_Module_tb
INFO: [VRFC 10-2458] undeclared symbol inp, assumed default net type wire [C:/SSTU Dosyalar/project_experiment_1/project_experiment_1.srcs/sim_1/new/TOP_Module_tb.v:10]
INFO: [VRFC 10-2458] undeclared symbol out, assumed default net type wire [C:/SSTU Dosyalar/project_experiment_1/project_experiment_1.srcs/sim_1/new/TOP_Module_tb.v:11]
INFO: [USF-XSim-69] 'compile' step finished in '1' seconds
INFO: [USF-XSim-3] XSim::Elaborate design
INFO: [USF-XSim-61] Executing 'ELABORATE' step in 'C:/SSTU Dosyalar/project_experiment_1/project_experiment_1.sim/sim_1/behav/xsim'
"xelab -wto b3bc00a0fa4c45c78ee69e75bf208d7b --incr --debug typical --relax --mt 2 -L xil_defaultlib -L unisims_ver -L unimacro_ver -L secureip --snapshot Top_Module_tb_behav xil_defaultlib.Top_Module_tb xil_defaultlib.glbl -log elaborate.log"
Vivado Simulator 2019.1
Copyright 1986-1999, 2001-2019 Xilinx, Inc. All Rights Reserved.
Running: D:/Xilinx/Vivado/2019.1/bin/unwrapped/win64.o/xelab.exe -wto b3bc00a0fa4c45c78ee69e75bf208d7b --incr --debug typical --relax --mt 2 -L xil_defaultlib -L unisims_ver -L unimacro_ver -L secureip --snapshot Top_Module_tb_behav xil_defaultlib.Top_Module_tb xil_defaultlib.glbl -log elaborate.log 
Using 2 slave threads.
Starting static elaboration
ERROR: [VRFC 10-2538] module instantiation should have an instance name [C:/SSTU Dosyalar/project_experiment_1/project_experiment_1.srcs/sources_1/new/TOP_Module.v:9]
ERROR: [VRFC 10-2538] module instantiation should have an instance name [C:/SSTU Dosyalar/project_experiment_1/project_experiment_1.srcs/sources_1/new/TOP_Module.v:14]
ERROR: [VRFC 10-2538] module instantiation should have an instance name [C:/SSTU Dosyalar/project_experiment_1/project_experiment_1.srcs/sources_1/new/TOP_Module.v:19]
ERROR: [VRFC 10-2538] module instantiation should have an instance name [C:/SSTU Dosyalar/project_experiment_1/project_experiment_1.srcs/sources_1/new/TOP_Module.v:23]
ERROR: [VRFC 10-2538] module instantiation should have an instance name [C:/SSTU Dosyalar/project_experiment_1/project_experiment_1.srcs/sources_1/new/TOP_Module.v:28]
ERROR: [VRFC 10-2538] module instantiation should have an instance name [C:/SSTU Dosyalar/project_experiment_1/project_experiment_1.srcs/sources_1/new/TOP_Module.v:33]
ERROR: [VRFC 10-2538] module instantiation should have an instance name [C:/SSTU Dosyalar/project_experiment_1/project_experiment_1.srcs/sources_1/new/TOP_Module.v:38]
ERROR: [VRFC 10-2538] module instantiation should have an instance name [C:/SSTU Dosyalar/project_experiment_1/project_experiment_1.srcs/sources_1/new/TOP_Module.v:43]
ERROR: [XSIM 43-3322] Static elaboration of top level Verilog design unit(s) in library work failed.
INFO: [USF-XSim-69] 'elaborate' step finished in '1' seconds
INFO: [USF-XSim-99] Step results log file:'C:/SSTU Dosyalar/project_experiment_1/project_experiment_1.sim/sim_1/behav/xsim/elaborate.log'
ERROR: [USF-XSim-62] 'elaborate' step failed with error(s). Please check the Tcl console output or 'C:/SSTU Dosyalar/project_experiment_1/project_experiment_1.sim/sim_1/behav/xsim/elaborate.log' file for more information.
ERROR: [Vivado 12-4473] Detected error while running simulation. Please correct the issue and retry this operation.
ERROR: [Common 17-39] 'launch_simulation' failed due to earlier errors.
launch_simulation
INFO: [Vivado 12-5682] Launching behavioral simulation in 'C:/SSTU Dosyalar/project_experiment_1/project_experiment_1.sim/sim_1/behav/xsim'
INFO: [SIM-utils-51] Simulation object is 'sim_1'
INFO: [SIM-utils-54] Inspecting design source files for 'Top_Module_tb' in fileset 'sim_1'...
INFO: [USF-XSim-97] Finding global include files...
INFO: [USF-XSim-98] Fetching design files from 'sim_1'...
INFO: [USF-XSim-2] XSim::Compile design
INFO: [USF-XSim-61] Executing 'COMPILE and ANALYZE' step in 'C:/SSTU Dosyalar/project_experiment_1/project_experiment_1.sim/sim_1/behav/xsim'
"xvlog --incr --relax -prj Top_Module_tb_vlog.prj"
INFO: [VRFC 10-2263] Analyzing Verilog file "C:/SSTU Dosyalar/project_experiment_1/project_experiment_1.srcs/sources_1/new/SSI_Library.v" into library xil_defaultlib
INFO: [VRFC 10-311] analyzing module AND
INFO: [VRFC 10-311] analyzing module OR
INFO: [VRFC 10-311] analyzing module NOT
INFO: [VRFC 10-311] analyzing module NAND
INFO: [VRFC 10-311] analyzing module NOR
INFO: [VRFC 10-311] analyzing module EXNOR
INFO: [VRFC 10-311] analyzing module EXOR
INFO: [VRFC 10-311] analyzing module TRI
INFO: [VRFC 10-2263] Analyzing Verilog file "C:/SSTU Dosyalar/project_experiment_1/project_experiment_1.srcs/sources_1/new/TOP_Module.v" into library xil_defaultlib
INFO: [VRFC 10-311] analyzing module Top_Module
INFO: [VRFC 10-2263] Analyzing Verilog file "C:/SSTU Dosyalar/project_experiment_1/project_experiment_1.srcs/sim_1/new/TOP_Module_tb.v" into library xil_defaultlib
INFO: [VRFC 10-311] analyzing module Top_Module_tb
INFO: [USF-XSim-69] 'compile' step finished in '1' seconds
INFO: [USF-XSim-3] XSim::Elaborate design
INFO: [USF-XSim-61] Executing 'ELABORATE' step in 'C:/SSTU Dosyalar/project_experiment_1/project_experiment_1.sim/sim_1/behav/xsim'
"xelab -wto b3bc00a0fa4c45c78ee69e75bf208d7b --incr --debug typical --relax --mt 2 -L xil_defaultlib -L unisims_ver -L unimacro_ver -L secureip --snapshot Top_Module_tb_behav xil_defaultlib.Top_Module_tb xil_defaultlib.glbl -log elaborate.log"
Vivado Simulator 2019.1
Copyright 1986-1999, 2001-2019 Xilinx, Inc. All Rights Reserved.
Running: D:/Xilinx/Vivado/2019.1/bin/unwrapped/win64.o/xelab.exe -wto b3bc00a0fa4c45c78ee69e75bf208d7b --incr --debug typical --relax --mt 2 -L xil_defaultlib -L unisims_ver -L unimacro_ver -L secureip --snapshot Top_Module_tb_behav xil_defaultlib.Top_Module_tb xil_defaultlib.glbl -log elaborate.log 
Using 2 slave threads.
Starting static elaboration
ERROR: [VRFC 10-2538] module instantiation should have an instance name [C:/SSTU Dosyalar/project_experiment_1/project_experiment_1.srcs/sources_1/new/TOP_Module.v:9]
ERROR: [XSIM 43-3322] Static elaboration of top level Verilog design unit(s) in library work failed.
INFO: [USF-XSim-69] 'elaborate' step finished in '1' seconds
INFO: [USF-XSim-99] Step results log file:'C:/SSTU Dosyalar/project_experiment_1/project_experiment_1.sim/sim_1/behav/xsim/elaborate.log'
ERROR: [USF-XSim-62] 'elaborate' step failed with error(s). Please check the Tcl console output or 'C:/SSTU Dosyalar/project_experiment_1/project_experiment_1.sim/sim_1/behav/xsim/elaborate.log' file for more information.
ERROR: [Vivado 12-4473] Detected error while running simulation. Please correct the issue and retry this operation.
ERROR: [Common 17-39] 'launch_simulation' failed due to earlier errors.
launch_simulation
INFO: [Vivado 12-5682] Launching behavioral simulation in 'C:/SSTU Dosyalar/project_experiment_1/project_experiment_1.sim/sim_1/behav/xsim'
INFO: [SIM-utils-51] Simulation object is 'sim_1'
INFO: [SIM-utils-54] Inspecting design source files for 'Top_Module_tb' in fileset 'sim_1'...
INFO: [USF-XSim-97] Finding global include files...
INFO: [USF-XSim-98] Fetching design files from 'sim_1'...
INFO: [USF-XSim-2] XSim::Compile design
INFO: [USF-XSim-61] Executing 'COMPILE and ANALYZE' step in 'C:/SSTU Dosyalar/project_experiment_1/project_experiment_1.sim/sim_1/behav/xsim'
"xvlog --incr --relax -prj Top_Module_tb_vlog.prj"
INFO: [VRFC 10-2263] Analyzing Verilog file "C:/SSTU Dosyalar/project_experiment_1/project_experiment_1.srcs/sources_1/new/SSI_Library.v" into library xil_defaultlib
INFO: [VRFC 10-311] analyzing module AND
INFO: [VRFC 10-311] analyzing module OR
INFO: [VRFC 10-311] analyzing module NOT
INFO: [VRFC 10-311] analyzing module NAND
INFO: [VRFC 10-311] analyzing module NOR
INFO: [VRFC 10-311] analyzing module EXNOR
INFO: [VRFC 10-311] analyzing module EXOR
INFO: [VRFC 10-311] analyzing module TRI
INFO: [VRFC 10-2263] Analyzing Verilog file "C:/SSTU Dosyalar/project_experiment_1/project_experiment_1.srcs/sources_1/new/TOP_Module.v" into library xil_defaultlib
INFO: [VRFC 10-311] analyzing module TOP_Module
INFO: [VRFC 10-2263] Analyzing Verilog file "C:/SSTU Dosyalar/project_experiment_1/project_experiment_1.srcs/sim_1/new/TOP_Module_tb.v" into library xil_defaultlib
INFO: [VRFC 10-311] analyzing module Top_Module_tb
INFO: [USF-XSim-69] 'compile' step finished in '1' seconds
INFO: [USF-XSim-3] XSim::Elaborate design
INFO: [USF-XSim-61] Executing 'ELABORATE' step in 'C:/SSTU Dosyalar/project_experiment_1/project_experiment_1.sim/sim_1/behav/xsim'
"xelab -wto b3bc00a0fa4c45c78ee69e75bf208d7b --incr --debug typical --relax --mt 2 -L xil_defaultlib -L unisims_ver -L unimacro_ver -L secureip --snapshot Top_Module_tb_behav xil_defaultlib.Top_Module_tb xil_defaultlib.glbl -log elaborate.log"
Vivado Simulator 2019.1
Copyright 1986-1999, 2001-2019 Xilinx, Inc. All Rights Reserved.
Running: D:/Xilinx/Vivado/2019.1/bin/unwrapped/win64.o/xelab.exe -wto b3bc00a0fa4c45c78ee69e75bf208d7b --incr --debug typical --relax --mt 2 -L xil_defaultlib -L unisims_ver -L unimacro_ver -L secureip --snapshot Top_Module_tb_behav xil_defaultlib.Top_Module_tb xil_defaultlib.glbl -log elaborate.log 
Using 2 slave threads.
Starting static elaboration
ERROR: [VRFC 10-2538] module instantiation should have an instance name [C:/SSTU Dosyalar/project_experiment_1/project_experiment_1.srcs/sources_1/new/TOP_Module.v:9]
ERROR: [VRFC 10-2538] module instantiation should have an instance name [C:/SSTU Dosyalar/project_experiment_1/project_experiment_1.srcs/sources_1/new/TOP_Module.v:14]
ERROR: [VRFC 10-2538] module instantiation should have an instance name [C:/SSTU Dosyalar/project_experiment_1/project_experiment_1.srcs/sources_1/new/TOP_Module.v:19]
ERROR: [VRFC 10-2538] module instantiation should have an instance name [C:/SSTU Dosyalar/project_experiment_1/project_experiment_1.srcs/sources_1/new/TOP_Module.v:23]
ERROR: [VRFC 10-2538] module instantiation should have an instance name [C:/SSTU Dosyalar/project_experiment_1/project_experiment_1.srcs/sources_1/new/TOP_Module.v:28]
ERROR: [VRFC 10-2538] module instantiation should have an instance name [C:/SSTU Dosyalar/project_experiment_1/project_experiment_1.srcs/sources_1/new/TOP_Module.v:33]
ERROR: [VRFC 10-2538] module instantiation should have an instance name [C:/SSTU Dosyalar/project_experiment_1/project_experiment_1.srcs/sources_1/new/TOP_Module.v:38]
ERROR: [VRFC 10-2538] module instantiation should have an instance name [C:/SSTU Dosyalar/project_experiment_1/project_experiment_1.srcs/sources_1/new/TOP_Module.v:43]
ERROR: [XSIM 43-3322] Static elaboration of top level Verilog design unit(s) in library work failed.
INFO: [USF-XSim-69] 'elaborate' step finished in '1' seconds
INFO: [USF-XSim-99] Step results log file:'C:/SSTU Dosyalar/project_experiment_1/project_experiment_1.sim/sim_1/behav/xsim/elaborate.log'
ERROR: [USF-XSim-62] 'elaborate' step failed with error(s). Please check the Tcl console output or 'C:/SSTU Dosyalar/project_experiment_1/project_experiment_1.sim/sim_1/behav/xsim/elaborate.log' file for more information.
ERROR: [Vivado 12-4473] Detected error while running simulation. Please correct the issue and retry this operation.
ERROR: [Common 17-39] 'launch_simulation' failed due to earlier errors.
update_compile_order -fileset sim_1
set_property source_mgmt_mode DisplayOnly [current_project]
refresh_design
---------------------------------------------------------------------------------
Starting RTL Elaboration : Time (s): cpu = 00:00:02 ; elapsed = 00:00:03 . Memory (MB): peak = 1662.262 ; gain = 25.211
---------------------------------------------------------------------------------
INFO: [Synth 8-6157] synthesizing module 'TOP_Module' [C:/SSTU Dosyalar/project_experiment_1/project_experiment_1.srcs/sources_1/new/TOP_Module.v:4]
INFO: [Synth 8-6157] synthesizing module 'AND' [C:/SSTU Dosyalar/project_experiment_1/project_experiment_1.srcs/sources_1/new/SSI_Library.v:5]
INFO: [Synth 8-6155] done synthesizing module 'AND' (1#1) [C:/SSTU Dosyalar/project_experiment_1/project_experiment_1.srcs/sources_1/new/SSI_Library.v:5]
INFO: [Synth 8-6157] synthesizing module 'OR' [C:/SSTU Dosyalar/project_experiment_1/project_experiment_1.srcs/sources_1/new/SSI_Library.v:16]
INFO: [Synth 8-6155] done synthesizing module 'OR' (2#1) [C:/SSTU Dosyalar/project_experiment_1/project_experiment_1.srcs/sources_1/new/SSI_Library.v:16]
INFO: [Synth 8-6157] synthesizing module 'NOT' [C:/SSTU Dosyalar/project_experiment_1/project_experiment_1.srcs/sources_1/new/SSI_Library.v:27]
INFO: [Synth 8-6155] done synthesizing module 'NOT' (3#1) [C:/SSTU Dosyalar/project_experiment_1/project_experiment_1.srcs/sources_1/new/SSI_Library.v:27]
INFO: [Synth 8-6157] synthesizing module 'NAND' [C:/SSTU Dosyalar/project_experiment_1/project_experiment_1.srcs/sources_1/new/SSI_Library.v:38]
INFO: [Synth 8-6155] done synthesizing module 'NAND' (4#1) [C:/SSTU Dosyalar/project_experiment_1/project_experiment_1.srcs/sources_1/new/SSI_Library.v:38]
INFO: [Synth 8-6157] synthesizing module 'NOR' [C:/SSTU Dosyalar/project_experiment_1/project_experiment_1.srcs/sources_1/new/SSI_Library.v:54]
INFO: [Synth 8-6155] done synthesizing module 'NOR' (5#1) [C:/SSTU Dosyalar/project_experiment_1/project_experiment_1.srcs/sources_1/new/SSI_Library.v:54]
INFO: [Synth 8-6157] synthesizing module 'EXNOR' [C:/SSTU Dosyalar/project_experiment_1/project_experiment_1.srcs/sources_1/new/SSI_Library.v:69]
INFO: [Synth 8-6157] synthesizing module 'LUT2' [D:/Xilinx/Vivado/2019.1/scripts/rt/data/unisim_comp.v:39042]
	Parameter INIT bound to: 4'b1001 
INFO: [Synth 8-6155] done synthesizing module 'LUT2' (6#1) [D:/Xilinx/Vivado/2019.1/scripts/rt/data/unisim_comp.v:39042]
INFO: [Synth 8-6155] done synthesizing module 'EXNOR' (7#1) [C:/SSTU Dosyalar/project_experiment_1/project_experiment_1.srcs/sources_1/new/SSI_Library.v:69]
INFO: [Synth 8-6157] synthesizing module 'EXOR' [C:/SSTU Dosyalar/project_experiment_1/project_experiment_1.srcs/sources_1/new/SSI_Library.v:88]
INFO: [Synth 8-6157] synthesizing module 'LUT2__parameterized0' [D:/Xilinx/Vivado/2019.1/scripts/rt/data/unisim_comp.v:39042]
	Parameter INIT bound to: 4'b0110 
INFO: [Synth 8-6155] done synthesizing module 'LUT2__parameterized0' (7#1) [D:/Xilinx/Vivado/2019.1/scripts/rt/data/unisim_comp.v:39042]
INFO: [Synth 8-6155] done synthesizing module 'EXOR' (8#1) [C:/SSTU Dosyalar/project_experiment_1/project_experiment_1.srcs/sources_1/new/SSI_Library.v:88]
INFO: [Synth 8-6157] synthesizing module 'TRI' [C:/SSTU Dosyalar/project_experiment_1/project_experiment_1.srcs/sources_1/new/SSI_Library.v:107]
INFO: [Synth 8-6155] done synthesizing module 'TRI' (9#1) [C:/SSTU Dosyalar/project_experiment_1/project_experiment_1.srcs/sources_1/new/SSI_Library.v:107]
INFO: [Synth 8-6155] done synthesizing module 'TOP_Module' (10#1) [C:/SSTU Dosyalar/project_experiment_1/project_experiment_1.srcs/sources_1/new/TOP_Module.v:4]
WARNING: [Synth 8-3331] design TOP_Module has unconnected port IN[15]
---------------------------------------------------------------------------------
Finished RTL Elaboration : Time (s): cpu = 00:00:03 ; elapsed = 00:00:03 . Memory (MB): peak = 1699.121 ; gain = 62.070
---------------------------------------------------------------------------------

Report Check Netlist: 
+------+------------------+-------+---------+-------+------------------+
|      |Item              |Errors |Warnings |Status |Description       |
+------+------------------+-------+---------+-------+------------------+
|1     |multi_driven_nets |      0|        0|Passed |Multi driven nets |
+------+------------------+-------+---------+-------+------------------+
---------------------------------------------------------------------------------
Start Handling Custom Attributes
---------------------------------------------------------------------------------
---------------------------------------------------------------------------------
Finished Handling Custom Attributes : Time (s): cpu = 00:00:03 ; elapsed = 00:00:03 . Memory (MB): peak = 1699.121 ; gain = 62.070
---------------------------------------------------------------------------------
---------------------------------------------------------------------------------
Finished RTL Optimization Phase 1 : Time (s): cpu = 00:00:03 ; elapsed = 00:00:03 . Memory (MB): peak = 1699.121 ; gain = 62.070
---------------------------------------------------------------------------------
INFO: [Project 1-570] Preparing netlist for logic optimization
INFO: [Opt 31-140] Inserted 4 IBUFs to IO ports without IO buffers.
INFO: [Opt 31-141] Inserted 2 OBUFs to IO ports without IO buffers.

Processing XDC Constraints
Initializing timing engine
Completed Processing XDC Constraints

INFO: [Opt 31-138] Pushed 0 inverter(s) to 0 load pin(s).
refresh_design: Time (s): cpu = 00:00:09 ; elapsed = 00:00:07 . Memory (MB): peak = 1699.121 ; gain = 62.070
close_design
set_property top TOP_Module_tb [get_filesets sim_1]
set_property top_lib xil_defaultlib [get_filesets sim_1]
launch_simulation
INFO: [Vivado 12-5682] Launching behavioral simulation in 'C:/SSTU Dosyalar/project_experiment_1/project_experiment_1.sim/sim_1/behav/xsim'
INFO: [SIM-utils-51] Simulation object is 'sim_1'
INFO: [SIM-utils-54] Inspecting design source files for 'TOP_Module_tb' in fileset 'sim_1'...
INFO: [USF-XSim-97] Finding global include files...
INFO: [USF-XSim-100] Fetching design files from 'sources_1'...(this may take a while)...
INFO: [USF-XSim-101] Fetching design files from 'sim_1'...
INFO: [USF-XSim-2] XSim::Compile design
INFO: [USF-XSim-61] Executing 'COMPILE and ANALYZE' step in 'C:/SSTU Dosyalar/project_experiment_1/project_experiment_1.sim/sim_1/behav/xsim'
"xvlog --incr --relax -prj TOP_Module_tb_vlog.prj"
INFO: [VRFC 10-2263] Analyzing Verilog file "C:/SSTU Dosyalar/project_experiment_1/project_experiment_1.srcs/sources_1/new/SSI_Library.v" into library xil_defaultlib
INFO: [VRFC 10-311] analyzing module AND
INFO: [VRFC 10-311] analyzing module OR
INFO: [VRFC 10-311] analyzing module NOT
INFO: [VRFC 10-311] analyzing module NAND
INFO: [VRFC 10-311] analyzing module NOR
INFO: [VRFC 10-311] analyzing module EXNOR
INFO: [VRFC 10-311] analyzing module EXOR
INFO: [VRFC 10-311] analyzing module TRI
INFO: [VRFC 10-2263] Analyzing Verilog file "C:/SSTU Dosyalar/project_experiment_1/project_experiment_1.srcs/sources_1/new/TOP_Module.v" into library xil_defaultlib
INFO: [VRFC 10-311] analyzing module TOP_Module
INFO: [VRFC 10-2263] Analyzing Verilog file "C:/SSTU Dosyalar/project_experiment_1/project_experiment_1.srcs/sim_1/new/AND_tb.v" into library xil_defaultlib
INFO: [VRFC 10-311] analyzing module AND_tb
INFO: [VRFC 10-2263] Analyzing Verilog file "C:/SSTU Dosyalar/project_experiment_1/project_experiment_1.srcs/sim_1/new/EXNOR_tb.v" into library xil_defaultlib
INFO: [VRFC 10-311] analyzing module EXNOR_tb
INFO: [VRFC 10-2263] Analyzing Verilog file "C:/SSTU Dosyalar/project_experiment_1/project_experiment_1.srcs/sim_1/new/EXOR_tb.v" into library xil_defaultlib
INFO: [VRFC 10-311] analyzing module EXOR_tb
INFO: [VRFC 10-2263] Analyzing Verilog file "C:/SSTU Dosyalar/project_experiment_1/project_experiment_1.srcs/sim_1/new/NAND_tb.v" into library xil_defaultlib
INFO: [VRFC 10-311] analyzing module NAND_tb
INFO: [VRFC 10-2263] Analyzing Verilog file "C:/SSTU Dosyalar/project_experiment_1/project_experiment_1.srcs/sim_1/new/NOR_tb.v" into library xil_defaultlib
INFO: [VRFC 10-311] analyzing module NOR_tb
INFO: [VRFC 10-2263] Analyzing Verilog file "C:/SSTU Dosyalar/project_experiment_1/project_experiment_1.srcs/sim_1/new/NOT_tb.v" into library xil_defaultlib
INFO: [VRFC 10-311] analyzing module NOT_tb
INFO: [VRFC 10-2263] Analyzing Verilog file "C:/SSTU Dosyalar/project_experiment_1/project_experiment_1.srcs/sim_1/new/OR_tb.v" into library xil_defaultlib
INFO: [VRFC 10-311] analyzing module OR_tb
INFO: [VRFC 10-2263] Analyzing Verilog file "C:/SSTU Dosyalar/project_experiment_1/project_experiment_1.srcs/sim_1/new/TOP_Module_tb.v" into library xil_defaultlib
INFO: [VRFC 10-311] analyzing module TOP_Module_tb
INFO: [VRFC 10-2263] Analyzing Verilog file "C:/SSTU Dosyalar/project_experiment_1/project_experiment_1.srcs/sim_1/new/TRI_tb.v" into library xil_defaultlib
INFO: [VRFC 10-311] analyzing module TRI_tb
INFO: [USF-XSim-69] 'compile' step finished in '1' seconds
INFO: [USF-XSim-3] XSim::Elaborate design
INFO: [USF-XSim-61] Executing 'ELABORATE' step in 'C:/SSTU Dosyalar/project_experiment_1/project_experiment_1.sim/sim_1/behav/xsim'
"xelab -wto b3bc00a0fa4c45c78ee69e75bf208d7b --incr --debug typical --relax --mt 2 -L xil_defaultlib -L unisims_ver -L unimacro_ver -L secureip --snapshot TOP_Module_tb_behav xil_defaultlib.TOP_Module_tb xil_defaultlib.glbl -log elaborate.log"
Vivado Simulator 2019.1
Copyright 1986-1999, 2001-2019 Xilinx, Inc. All Rights Reserved.
Running: D:/Xilinx/Vivado/2019.1/bin/unwrapped/win64.o/xelab.exe -wto b3bc00a0fa4c45c78ee69e75bf208d7b --incr --debug typical --relax --mt 2 -L xil_defaultlib -L unisims_ver -L unimacro_ver -L secureip --snapshot TOP_Module_tb_behav xil_defaultlib.TOP_Module_tb xil_defaultlib.glbl -log elaborate.log 
Using 2 slave threads.
Starting static elaboration
ERROR: [VRFC 10-2538] module instantiation should have an instance name [C:/SSTU Dosyalar/project_experiment_1/project_experiment_1.srcs/sources_1/new/TOP_Module.v:9]
ERROR: [VRFC 10-2538] module instantiation should have an instance name [C:/SSTU Dosyalar/project_experiment_1/project_experiment_1.srcs/sources_1/new/TOP_Module.v:14]
ERROR: [VRFC 10-2538] module instantiation should have an instance name [C:/SSTU Dosyalar/project_experiment_1/project_experiment_1.srcs/sources_1/new/TOP_Module.v:19]
ERROR: [VRFC 10-2538] module instantiation should have an instance name [C:/SSTU Dosyalar/project_experiment_1/project_experiment_1.srcs/sources_1/new/TOP_Module.v:23]
ERROR: [VRFC 10-2538] module instantiation should have an instance name [C:/SSTU Dosyalar/project_experiment_1/project_experiment_1.srcs/sources_1/new/TOP_Module.v:28]
ERROR: [VRFC 10-2538] module instantiation should have an instance name [C:/SSTU Dosyalar/project_experiment_1/project_experiment_1.srcs/sources_1/new/TOP_Module.v:33]
ERROR: [VRFC 10-2538] module instantiation should have an instance name [C:/SSTU Dosyalar/project_experiment_1/project_experiment_1.srcs/sources_1/new/TOP_Module.v:38]
ERROR: [VRFC 10-2538] module instantiation should have an instance name [C:/SSTU Dosyalar/project_experiment_1/project_experiment_1.srcs/sources_1/new/TOP_Module.v:43]
ERROR: [XSIM 43-3322] Static elaboration of top level Verilog design unit(s) in library work failed.
INFO: [USF-XSim-69] 'elaborate' step finished in '1' seconds
INFO: [USF-XSim-99] Step results log file:'C:/SSTU Dosyalar/project_experiment_1/project_experiment_1.sim/sim_1/behav/xsim/elaborate.log'
ERROR: [USF-XSim-62] 'elaborate' step failed with error(s). Please check the Tcl console output or 'C:/SSTU Dosyalar/project_experiment_1/project_experiment_1.sim/sim_1/behav/xsim/elaborate.log' file for more information.
ERROR: [Vivado 12-4473] Detected error while running simulation. Please correct the issue and retry this operation.
ERROR: [Common 17-39] 'launch_simulation' failed due to earlier errors.
synth_design -rtl -name rtl_1
Command: synth_design -rtl -name rtl_1
Starting synth_design
Using part: xc7a100tcsg324-1
Top: TOP_Module
---------------------------------------------------------------------------------
Starting RTL Elaboration : Time (s): cpu = 00:00:03 ; elapsed = 00:00:03 . Memory (MB): peak = 2340.691 ; gain = 0.000
---------------------------------------------------------------------------------
INFO: [Synth 8-6157] synthesizing module 'TOP_Module' [C:/SSTU Dosyalar/project_experiment_1/project_experiment_1.srcs/sources_1/new/TOP_Module.v:4]
INFO: [Synth 8-6157] synthesizing module 'AND' [C:/SSTU Dosyalar/project_experiment_1/project_experiment_1.srcs/sources_1/new/SSI_Library.v:5]
INFO: [Synth 8-6155] done synthesizing module 'AND' (1#1) [C:/SSTU Dosyalar/project_experiment_1/project_experiment_1.srcs/sources_1/new/SSI_Library.v:5]
INFO: [Synth 8-6157] synthesizing module 'OR' [C:/SSTU Dosyalar/project_experiment_1/project_experiment_1.srcs/sources_1/new/SSI_Library.v:16]
INFO: [Synth 8-6155] done synthesizing module 'OR' (2#1) [C:/SSTU Dosyalar/project_experiment_1/project_experiment_1.srcs/sources_1/new/SSI_Library.v:16]
INFO: [Synth 8-6157] synthesizing module 'NOT' [C:/SSTU Dosyalar/project_experiment_1/project_experiment_1.srcs/sources_1/new/SSI_Library.v:27]
INFO: [Synth 8-6155] done synthesizing module 'NOT' (3#1) [C:/SSTU Dosyalar/project_experiment_1/project_experiment_1.srcs/sources_1/new/SSI_Library.v:27]
INFO: [Synth 8-6157] synthesizing module 'NAND' [C:/SSTU Dosyalar/project_experiment_1/project_experiment_1.srcs/sources_1/new/SSI_Library.v:38]
INFO: [Synth 8-6155] done synthesizing module 'NAND' (4#1) [C:/SSTU Dosyalar/project_experiment_1/project_experiment_1.srcs/sources_1/new/SSI_Library.v:38]
INFO: [Synth 8-6157] synthesizing module 'NOR' [C:/SSTU Dosyalar/project_experiment_1/project_experiment_1.srcs/sources_1/new/SSI_Library.v:54]
INFO: [Synth 8-6155] done synthesizing module 'NOR' (5#1) [C:/SSTU Dosyalar/project_experiment_1/project_experiment_1.srcs/sources_1/new/SSI_Library.v:54]
INFO: [Synth 8-6157] synthesizing module 'EXNOR' [C:/SSTU Dosyalar/project_experiment_1/project_experiment_1.srcs/sources_1/new/SSI_Library.v:69]
INFO: [Synth 8-6157] synthesizing module 'LUT2' [D:/Xilinx/Vivado/2019.1/scripts/rt/data/unisim_comp.v:39042]
	Parameter INIT bound to: 4'b1001 
INFO: [Synth 8-6155] done synthesizing module 'LUT2' (6#1) [D:/Xilinx/Vivado/2019.1/scripts/rt/data/unisim_comp.v:39042]
INFO: [Synth 8-6155] done synthesizing module 'EXNOR' (7#1) [C:/SSTU Dosyalar/project_experiment_1/project_experiment_1.srcs/sources_1/new/SSI_Library.v:69]
INFO: [Synth 8-6157] synthesizing module 'EXOR' [C:/SSTU Dosyalar/project_experiment_1/project_experiment_1.srcs/sources_1/new/SSI_Library.v:88]
INFO: [Synth 8-6157] synthesizing module 'LUT2__parameterized0' [D:/Xilinx/Vivado/2019.1/scripts/rt/data/unisim_comp.v:39042]
	Parameter INIT bound to: 4'b0110 
INFO: [Synth 8-6155] done synthesizing module 'LUT2__parameterized0' (7#1) [D:/Xilinx/Vivado/2019.1/scripts/rt/data/unisim_comp.v:39042]
INFO: [Synth 8-6155] done synthesizing module 'EXOR' (8#1) [C:/SSTU Dosyalar/project_experiment_1/project_experiment_1.srcs/sources_1/new/SSI_Library.v:88]
INFO: [Synth 8-6157] synthesizing module 'TRI' [C:/SSTU Dosyalar/project_experiment_1/project_experiment_1.srcs/sources_1/new/SSI_Library.v:107]
INFO: [Synth 8-6155] done synthesizing module 'TRI' (9#1) [C:/SSTU Dosyalar/project_experiment_1/project_experiment_1.srcs/sources_1/new/SSI_Library.v:107]
INFO: [Synth 8-6155] done synthesizing module 'TOP_Module' (10#1) [C:/SSTU Dosyalar/project_experiment_1/project_experiment_1.srcs/sources_1/new/TOP_Module.v:4]
WARNING: [Synth 8-3331] design TOP_Module has unconnected port IN[15]
---------------------------------------------------------------------------------
Finished RTL Elaboration : Time (s): cpu = 00:00:03 ; elapsed = 00:00:03 . Memory (MB): peak = 2340.691 ; gain = 0.000
---------------------------------------------------------------------------------

Report Check Netlist: 
+------+------------------+-------+---------+-------+------------------+
|      |Item              |Errors |Warnings |Status |Description       |
+------+------------------+-------+---------+-------+------------------+
|1     |multi_driven_nets |      0|        0|Passed |Multi driven nets |
+------+------------------+-------+---------+-------+------------------+
---------------------------------------------------------------------------------
Start Handling Custom Attributes
---------------------------------------------------------------------------------
---------------------------------------------------------------------------------
Finished Handling Custom Attributes : Time (s): cpu = 00:00:04 ; elapsed = 00:00:03 . Memory (MB): peak = 2340.691 ; gain = 0.000
---------------------------------------------------------------------------------
---------------------------------------------------------------------------------
Finished RTL Optimization Phase 1 : Time (s): cpu = 00:00:04 ; elapsed = 00:00:03 . Memory (MB): peak = 2340.691 ; gain = 0.000
---------------------------------------------------------------------------------
INFO: [Project 1-570] Preparing netlist for logic optimization
INFO: [Opt 31-140] Inserted 4 IBUFs to IO ports without IO buffers.
INFO: [Opt 31-141] Inserted 2 OBUFs to IO ports without IO buffers.

Processing XDC Constraints
Initializing timing engine
Completed Processing XDC Constraints

INFO: [Opt 31-138] Pushed 0 inverter(s) to 0 load pin(s).
Netlist sorting complete. Time (s): cpu = 00:00:00 ; elapsed = 00:00:00 . Memory (MB): peak = 2340.691 ; gain = 0.000
INFO: [Project 1-111] Unisim Transformation Summary:
No Unisim elements were transformed.

RTL Elaboration Complete:  : Time (s): cpu = 00:00:07 ; elapsed = 00:00:05 . Memory (MB): peak = 2340.691 ; gain = 0.000
27 Infos, 1 Warnings, 0 Critical Warnings and 0 Errors encountered.
synth_design completed successfully
synth_design: Time (s): cpu = 00:00:07 ; elapsed = 00:00:05 . Memory (MB): peak = 2340.691 ; gain = 0.000
launch_simulation
INFO: [Vivado 12-5682] Launching behavioral simulation in 'C:/SSTU Dosyalar/project_experiment_1/project_experiment_1.sim/sim_1/behav/xsim'
INFO: [SIM-utils-51] Simulation object is 'sim_1'
INFO: [SIM-utils-54] Inspecting design source files for 'TOP_Module_tb' in fileset 'sim_1'...
INFO: [USF-XSim-97] Finding global include files...
INFO: [USF-XSim-100] Fetching design files from 'sources_1'...(this may take a while)...
INFO: [USF-XSim-101] Fetching design files from 'sim_1'...
INFO: [USF-XSim-2] XSim::Compile design
INFO: [USF-XSim-61] Executing 'COMPILE and ANALYZE' step in 'C:/SSTU Dosyalar/project_experiment_1/project_experiment_1.sim/sim_1/behav/xsim'
"xvlog --incr --relax -prj TOP_Module_tb_vlog.prj"
INFO: [VRFC 10-2263] Analyzing Verilog file "C:/SSTU Dosyalar/project_experiment_1/project_experiment_1.srcs/sources_1/new/SSI_Library.v" into library xil_defaultlib
INFO: [VRFC 10-311] analyzing module AND
INFO: [VRFC 10-311] analyzing module OR
INFO: [VRFC 10-311] analyzing module NOT
INFO: [VRFC 10-311] analyzing module NAND
INFO: [VRFC 10-311] analyzing module NOR
INFO: [VRFC 10-311] analyzing module EXNOR
INFO: [VRFC 10-311] analyzing module EXOR
INFO: [VRFC 10-311] analyzing module TRI
INFO: [VRFC 10-2263] Analyzing Verilog file "C:/SSTU Dosyalar/project_experiment_1/project_experiment_1.srcs/sources_1/new/TOP_Module.v" into library xil_defaultlib
INFO: [VRFC 10-311] analyzing module TOP_Module
INFO: [VRFC 10-2263] Analyzing Verilog file "C:/SSTU Dosyalar/project_experiment_1/project_experiment_1.srcs/sim_1/new/AND_tb.v" into library xil_defaultlib
INFO: [VRFC 10-311] analyzing module AND_tb
INFO: [VRFC 10-2263] Analyzing Verilog file "C:/SSTU Dosyalar/project_experiment_1/project_experiment_1.srcs/sim_1/new/EXNOR_tb.v" into library xil_defaultlib
INFO: [VRFC 10-311] analyzing module EXNOR_tb
INFO: [VRFC 10-2263] Analyzing Verilog file "C:/SSTU Dosyalar/project_experiment_1/project_experiment_1.srcs/sim_1/new/EXOR_tb.v" into library xil_defaultlib
INFO: [VRFC 10-311] analyzing module EXOR_tb
INFO: [VRFC 10-2263] Analyzing Verilog file "C:/SSTU Dosyalar/project_experiment_1/project_experiment_1.srcs/sim_1/new/NAND_tb.v" into library xil_defaultlib
INFO: [VRFC 10-311] analyzing module NAND_tb
INFO: [VRFC 10-2263] Analyzing Verilog file "C:/SSTU Dosyalar/project_experiment_1/project_experiment_1.srcs/sim_1/new/NOR_tb.v" into library xil_defaultlib
INFO: [VRFC 10-311] analyzing module NOR_tb
INFO: [VRFC 10-2263] Analyzing Verilog file "C:/SSTU Dosyalar/project_experiment_1/project_experiment_1.srcs/sim_1/new/NOT_tb.v" into library xil_defaultlib
INFO: [VRFC 10-311] analyzing module NOT_tb
INFO: [VRFC 10-2263] Analyzing Verilog file "C:/SSTU Dosyalar/project_experiment_1/project_experiment_1.srcs/sim_1/new/OR_tb.v" into library xil_defaultlib
INFO: [VRFC 10-311] analyzing module OR_tb
INFO: [VRFC 10-2263] Analyzing Verilog file "C:/SSTU Dosyalar/project_experiment_1/project_experiment_1.srcs/sim_1/new/TOP_Module_tb.v" into library xil_defaultlib
INFO: [VRFC 10-311] analyzing module TOP_Module_tb
INFO: [VRFC 10-2263] Analyzing Verilog file "C:/SSTU Dosyalar/project_experiment_1/project_experiment_1.srcs/sim_1/new/TRI_tb.v" into library xil_defaultlib
INFO: [VRFC 10-311] analyzing module TRI_tb
INFO: [USF-XSim-69] 'compile' step finished in '1' seconds
INFO: [USF-XSim-3] XSim::Elaborate design
INFO: [USF-XSim-61] Executing 'ELABORATE' step in 'C:/SSTU Dosyalar/project_experiment_1/project_experiment_1.sim/sim_1/behav/xsim'
"xelab -wto b3bc00a0fa4c45c78ee69e75bf208d7b --incr --debug typical --relax --mt 2 -L xil_defaultlib -L unisims_ver -L unimacro_ver -L secureip --snapshot TOP_Module_tb_behav xil_defaultlib.TOP_Module_tb xil_defaultlib.glbl -log elaborate.log"
Vivado Simulator 2019.1
Copyright 1986-1999, 2001-2019 Xilinx, Inc. All Rights Reserved.
Running: D:/Xilinx/Vivado/2019.1/bin/unwrapped/win64.o/xelab.exe -wto b3bc00a0fa4c45c78ee69e75bf208d7b --incr --debug typical --relax --mt 2 -L xil_defaultlib -L unisims_ver -L unimacro_ver -L secureip --snapshot TOP_Module_tb_behav xil_defaultlib.TOP_Module_tb xil_defaultlib.glbl -log elaborate.log 
Using 2 slave threads.
Starting static elaboration
ERROR: [VRFC 10-2538] module instantiation should have an instance name [C:/SSTU Dosyalar/project_experiment_1/project_experiment_1.srcs/sources_1/new/TOP_Module.v:9]
ERROR: [VRFC 10-2538] module instantiation should have an instance name [C:/SSTU Dosyalar/project_experiment_1/project_experiment_1.srcs/sources_1/new/TOP_Module.v:14]
ERROR: [VRFC 10-2538] module instantiation should have an instance name [C:/SSTU Dosyalar/project_experiment_1/project_experiment_1.srcs/sources_1/new/TOP_Module.v:19]
ERROR: [VRFC 10-2538] module instantiation should have an instance name [C:/SSTU Dosyalar/project_experiment_1/project_experiment_1.srcs/sources_1/new/TOP_Module.v:23]
ERROR: [VRFC 10-2538] module instantiation should have an instance name [C:/SSTU Dosyalar/project_experiment_1/project_experiment_1.srcs/sources_1/new/TOP_Module.v:28]
ERROR: [VRFC 10-2538] module instantiation should have an instance name [C:/SSTU Dosyalar/project_experiment_1/project_experiment_1.srcs/sources_1/new/TOP_Module.v:33]
ERROR: [VRFC 10-2538] module instantiation should have an instance name [C:/SSTU Dosyalar/project_experiment_1/project_experiment_1.srcs/sources_1/new/TOP_Module.v:38]
ERROR: [VRFC 10-2538] module instantiation should have an instance name [C:/SSTU Dosyalar/project_experiment_1/project_experiment_1.srcs/sources_1/new/TOP_Module.v:43]
ERROR: [XSIM 43-3322] Static elaboration of top level Verilog design unit(s) in library work failed.
INFO: [USF-XSim-69] 'elaborate' step finished in '1' seconds
INFO: [USF-XSim-99] Step results log file:'C:/SSTU Dosyalar/project_experiment_1/project_experiment_1.sim/sim_1/behav/xsim/elaborate.log'
ERROR: [USF-XSim-62] 'elaborate' step failed with error(s). Please check the Tcl console output or 'C:/SSTU Dosyalar/project_experiment_1/project_experiment_1.sim/sim_1/behav/xsim/elaborate.log' file for more information.
ERROR: [Vivado 12-4473] Detected error while running simulation. Please correct the issue and retry this operation.
ERROR: [Common 17-39] 'launch_simulation' failed due to earlier errors.
launch_simulation
INFO: [Vivado 12-5682] Launching behavioral simulation in 'C:/SSTU Dosyalar/project_experiment_1/project_experiment_1.sim/sim_1/behav/xsim'
INFO: [SIM-utils-51] Simulation object is 'sim_1'
INFO: [SIM-utils-54] Inspecting design source files for 'TOP_Module_tb' in fileset 'sim_1'...
INFO: [USF-XSim-97] Finding global include files...
INFO: [USF-XSim-100] Fetching design files from 'sources_1'...(this may take a while)...
INFO: [USF-XSim-101] Fetching design files from 'sim_1'...
INFO: [USF-XSim-2] XSim::Compile design
INFO: [USF-XSim-61] Executing 'COMPILE and ANALYZE' step in 'C:/SSTU Dosyalar/project_experiment_1/project_experiment_1.sim/sim_1/behav/xsim'
"xvlog --incr --relax -prj TOP_Module_tb_vlog.prj"
INFO: [VRFC 10-2263] Analyzing Verilog file "C:/SSTU Dosyalar/project_experiment_1/project_experiment_1.srcs/sources_1/new/SSI_Library.v" into library xil_defaultlib
INFO: [VRFC 10-311] analyzing module AND
INFO: [VRFC 10-311] analyzing module OR
INFO: [VRFC 10-311] analyzing module NOT
INFO: [VRFC 10-311] analyzing module NAND
INFO: [VRFC 10-311] analyzing module NOR
INFO: [VRFC 10-311] analyzing module EXNOR
INFO: [VRFC 10-311] analyzing module EXOR
INFO: [VRFC 10-311] analyzing module TRI
INFO: [VRFC 10-2263] Analyzing Verilog file "C:/SSTU Dosyalar/project_experiment_1/project_experiment_1.srcs/sources_1/new/TOP_Module.v" into library xil_defaultlib
INFO: [VRFC 10-311] analyzing module TOP_Module
INFO: [VRFC 10-2263] Analyzing Verilog file "C:/SSTU Dosyalar/project_experiment_1/project_experiment_1.srcs/sim_1/new/AND_tb.v" into library xil_defaultlib
INFO: [VRFC 10-311] analyzing module AND_tb
INFO: [VRFC 10-2263] Analyzing Verilog file "C:/SSTU Dosyalar/project_experiment_1/project_experiment_1.srcs/sim_1/new/EXNOR_tb.v" into library xil_defaultlib
INFO: [VRFC 10-311] analyzing module EXNOR_tb
INFO: [VRFC 10-2263] Analyzing Verilog file "C:/SSTU Dosyalar/project_experiment_1/project_experiment_1.srcs/sim_1/new/EXOR_tb.v" into library xil_defaultlib
INFO: [VRFC 10-311] analyzing module EXOR_tb
INFO: [VRFC 10-2263] Analyzing Verilog file "C:/SSTU Dosyalar/project_experiment_1/project_experiment_1.srcs/sim_1/new/NAND_tb.v" into library xil_defaultlib
INFO: [VRFC 10-311] analyzing module NAND_tb
INFO: [VRFC 10-2263] Analyzing Verilog file "C:/SSTU Dosyalar/project_experiment_1/project_experiment_1.srcs/sim_1/new/NOR_tb.v" into library xil_defaultlib
INFO: [VRFC 10-311] analyzing module NOR_tb
INFO: [VRFC 10-2263] Analyzing Verilog file "C:/SSTU Dosyalar/project_experiment_1/project_experiment_1.srcs/sim_1/new/NOT_tb.v" into library xil_defaultlib
INFO: [VRFC 10-311] analyzing module NOT_tb
INFO: [VRFC 10-2263] Analyzing Verilog file "C:/SSTU Dosyalar/project_experiment_1/project_experiment_1.srcs/sim_1/new/OR_tb.v" into library xil_defaultlib
INFO: [VRFC 10-311] analyzing module OR_tb
INFO: [VRFC 10-2263] Analyzing Verilog file "C:/SSTU Dosyalar/project_experiment_1/project_experiment_1.srcs/sim_1/new/TOP_Module_tb.v" into library xil_defaultlib
INFO: [VRFC 10-311] analyzing module TOP_Module_tb
INFO: [VRFC 10-2263] Analyzing Verilog file "C:/SSTU Dosyalar/project_experiment_1/project_experiment_1.srcs/sim_1/new/TRI_tb.v" into library xil_defaultlib
INFO: [VRFC 10-311] analyzing module TRI_tb
INFO: [USF-XSim-69] 'compile' step finished in '1' seconds
INFO: [USF-XSim-3] XSim::Elaborate design
INFO: [USF-XSim-61] Executing 'ELABORATE' step in 'C:/SSTU Dosyalar/project_experiment_1/project_experiment_1.sim/sim_1/behav/xsim'
"xelab -wto b3bc00a0fa4c45c78ee69e75bf208d7b --incr --debug typical --relax --mt 2 -L xil_defaultlib -L unisims_ver -L unimacro_ver -L secureip --snapshot TOP_Module_tb_behav xil_defaultlib.TOP_Module_tb xil_defaultlib.glbl -log elaborate.log"
Vivado Simulator 2019.1
Copyright 1986-1999, 2001-2019 Xilinx, Inc. All Rights Reserved.
Running: D:/Xilinx/Vivado/2019.1/bin/unwrapped/win64.o/xelab.exe -wto b3bc00a0fa4c45c78ee69e75bf208d7b --incr --debug typical --relax --mt 2 -L xil_defaultlib -L unisims_ver -L unimacro_ver -L secureip --snapshot TOP_Module_tb_behav xil_defaultlib.TOP_Module_tb xil_defaultlib.glbl -log elaborate.log 
Using 2 slave threads.
Starting static elaboration
ERROR: [VRFC 10-2538] module instantiation should have an instance name [C:/SSTU Dosyalar/project_experiment_1/project_experiment_1.srcs/sources_1/new/TOP_Module.v:9]
ERROR: [VRFC 10-2538] module instantiation should have an instance name [C:/SSTU Dosyalar/project_experiment_1/project_experiment_1.srcs/sources_1/new/TOP_Module.v:14]
ERROR: [VRFC 10-2538] module instantiation should have an instance name [C:/SSTU Dosyalar/project_experiment_1/project_experiment_1.srcs/sources_1/new/TOP_Module.v:19]
ERROR: [VRFC 10-2538] module instantiation should have an instance name [C:/SSTU Dosyalar/project_experiment_1/project_experiment_1.srcs/sources_1/new/TOP_Module.v:23]
ERROR: [VRFC 10-2538] module instantiation should have an instance name [C:/SSTU Dosyalar/project_experiment_1/project_experiment_1.srcs/sources_1/new/TOP_Module.v:28]
ERROR: [VRFC 10-2538] module instantiation should have an instance name [C:/SSTU Dosyalar/project_experiment_1/project_experiment_1.srcs/sources_1/new/TOP_Module.v:33]
ERROR: [VRFC 10-2538] module instantiation should have an instance name [C:/SSTU Dosyalar/project_experiment_1/project_experiment_1.srcs/sources_1/new/TOP_Module.v:38]
ERROR: [VRFC 10-2538] module instantiation should have an instance name [C:/SSTU Dosyalar/project_experiment_1/project_experiment_1.srcs/sources_1/new/TOP_Module.v:43]
ERROR: [XSIM 43-3322] Static elaboration of top level Verilog design unit(s) in library work failed.
INFO: [USF-XSim-69] 'elaborate' step finished in '1' seconds
INFO: [USF-XSim-99] Step results log file:'C:/SSTU Dosyalar/project_experiment_1/project_experiment_1.sim/sim_1/behav/xsim/elaborate.log'
ERROR: [USF-XSim-62] 'elaborate' step failed with error(s). Please check the Tcl console output or 'C:/SSTU Dosyalar/project_experiment_1/project_experiment_1.sim/sim_1/behav/xsim/elaborate.log' file for more information.
ERROR: [Vivado 12-4473] Detected error while running simulation. Please correct the issue and retry this operation.
ERROR: [Common 17-39] 'launch_simulation' failed due to earlier errors.
launch_simulation
INFO: [Vivado 12-5682] Launching behavioral simulation in 'C:/SSTU Dosyalar/project_experiment_1/project_experiment_1.sim/sim_1/behav/xsim'
INFO: [SIM-utils-51] Simulation object is 'sim_1'
INFO: [SIM-utils-54] Inspecting design source files for 'TOP_Module_tb' in fileset 'sim_1'...
INFO: [USF-XSim-97] Finding global include files...
INFO: [USF-XSim-100] Fetching design files from 'sources_1'...(this may take a while)...
INFO: [USF-XSim-101] Fetching design files from 'sim_1'...
INFO: [USF-XSim-2] XSim::Compile design
INFO: [USF-XSim-61] Executing 'COMPILE and ANALYZE' step in 'C:/SSTU Dosyalar/project_experiment_1/project_experiment_1.sim/sim_1/behav/xsim'
"xvlog --incr --relax -prj TOP_Module_tb_vlog.prj"
INFO: [VRFC 10-2263] Analyzing Verilog file "C:/SSTU Dosyalar/project_experiment_1/project_experiment_1.srcs/sim_1/new/TRI_tb.v" into library xil_defaultlib
INFO: [VRFC 10-311] analyzing module TRI_tb
INFO: [USF-XSim-69] 'compile' step finished in '1' seconds
INFO: [USF-XSim-3] XSim::Elaborate design
INFO: [USF-XSim-61] Executing 'ELABORATE' step in 'C:/SSTU Dosyalar/project_experiment_1/project_experiment_1.sim/sim_1/behav/xsim'
"xelab -wto b3bc00a0fa4c45c78ee69e75bf208d7b --incr --debug typical --relax --mt 2 -L xil_defaultlib -L unisims_ver -L unimacro_ver -L secureip --snapshot TOP_Module_tb_behav xil_defaultlib.TOP_Module_tb xil_defaultlib.glbl -log elaborate.log"
Vivado Simulator 2019.1
Copyright 1986-1999, 2001-2019 Xilinx, Inc. All Rights Reserved.
Running: D:/Xilinx/Vivado/2019.1/bin/unwrapped/win64.o/xelab.exe -wto b3bc00a0fa4c45c78ee69e75bf208d7b --incr --debug typical --relax --mt 2 -L xil_defaultlib -L unisims_ver -L unimacro_ver -L secureip --snapshot TOP_Module_tb_behav xil_defaultlib.TOP_Module_tb xil_defaultlib.glbl -log elaborate.log 
Using 2 slave threads.
Starting static elaboration
ERROR: [VRFC 10-2538] module instantiation should have an instance name [C:/SSTU Dosyalar/project_experiment_1/project_experiment_1.srcs/sources_1/new/TOP_Module.v:9]
ERROR: [VRFC 10-2538] module instantiation should have an instance name [C:/SSTU Dosyalar/project_experiment_1/project_experiment_1.srcs/sources_1/new/TOP_Module.v:14]
ERROR: [VRFC 10-2538] module instantiation should have an instance name [C:/SSTU Dosyalar/project_experiment_1/project_experiment_1.srcs/sources_1/new/TOP_Module.v:19]
ERROR: [VRFC 10-2538] module instantiation should have an instance name [C:/SSTU Dosyalar/project_experiment_1/project_experiment_1.srcs/sources_1/new/TOP_Module.v:23]
ERROR: [VRFC 10-2538] module instantiation should have an instance name [C:/SSTU Dosyalar/project_experiment_1/project_experiment_1.srcs/sources_1/new/TOP_Module.v:28]
ERROR: [VRFC 10-2538] module instantiation should have an instance name [C:/SSTU Dosyalar/project_experiment_1/project_experiment_1.srcs/sources_1/new/TOP_Module.v:33]
ERROR: [VRFC 10-2538] module instantiation should have an instance name [C:/SSTU Dosyalar/project_experiment_1/project_experiment_1.srcs/sources_1/new/TOP_Module.v:38]
ERROR: [VRFC 10-2538] module instantiation should have an instance name [C:/SSTU Dosyalar/project_experiment_1/project_experiment_1.srcs/sources_1/new/TOP_Module.v:43]
ERROR: [XSIM 43-3322] Static elaboration of top level Verilog design unit(s) in library work failed.
INFO: [USF-XSim-69] 'elaborate' step finished in '1' seconds
INFO: [USF-XSim-99] Step results log file:'C:/SSTU Dosyalar/project_experiment_1/project_experiment_1.sim/sim_1/behav/xsim/elaborate.log'
ERROR: [USF-XSim-62] 'elaborate' step failed with error(s). Please check the Tcl console output or 'C:/SSTU Dosyalar/project_experiment_1/project_experiment_1.sim/sim_1/behav/xsim/elaborate.log' file for more information.
ERROR: [Vivado 12-4473] Detected error while running simulation. Please correct the issue and retry this operation.
ERROR: [Common 17-39] 'launch_simulation' failed due to earlier errors.
close_design
launch_simulation
INFO: [Vivado 12-5682] Launching behavioral simulation in 'C:/SSTU Dosyalar/project_experiment_1/project_experiment_1.sim/sim_1/behav/xsim'
INFO: [SIM-utils-51] Simulation object is 'sim_1'
INFO: [SIM-utils-54] Inspecting design source files for 'TOP_Module_tb' in fileset 'sim_1'...
INFO: [USF-XSim-97] Finding global include files...
INFO: [USF-XSim-100] Fetching design files from 'sources_1'...(this may take a while)...
INFO: [USF-XSim-101] Fetching design files from 'sim_1'...
INFO: [USF-XSim-2] XSim::Compile design
INFO: [USF-XSim-61] Executing 'COMPILE and ANALYZE' step in 'C:/SSTU Dosyalar/project_experiment_1/project_experiment_1.sim/sim_1/behav/xsim'
"xvlog --incr --relax -prj TOP_Module_tb_vlog.prj"
INFO: [USF-XSim-69] 'compile' step finished in '1' seconds
INFO: [USF-XSim-3] XSim::Elaborate design
INFO: [USF-XSim-61] Executing 'ELABORATE' step in 'C:/SSTU Dosyalar/project_experiment_1/project_experiment_1.sim/sim_1/behav/xsim'
"xelab -wto b3bc00a0fa4c45c78ee69e75bf208d7b --incr --debug typical --relax --mt 2 -L xil_defaultlib -L unisims_ver -L unimacro_ver -L secureip --snapshot TOP_Module_tb_behav xil_defaultlib.TOP_Module_tb xil_defaultlib.glbl -log elaborate.log"
Vivado Simulator 2019.1
Copyright 1986-1999, 2001-2019 Xilinx, Inc. All Rights Reserved.
Running: D:/Xilinx/Vivado/2019.1/bin/unwrapped/win64.o/xelab.exe -wto b3bc00a0fa4c45c78ee69e75bf208d7b --incr --debug typical --relax --mt 2 -L xil_defaultlib -L unisims_ver -L unimacro_ver -L secureip --snapshot TOP_Module_tb_behav xil_defaultlib.TOP_Module_tb xil_defaultlib.glbl -log elaborate.log 
Using 2 slave threads.
Starting static elaboration
ERROR: [VRFC 10-2538] module instantiation should have an instance name [C:/SSTU Dosyalar/project_experiment_1/project_experiment_1.srcs/sources_1/new/TOP_Module.v:9]
ERROR: [VRFC 10-2538] module instantiation should have an instance name [C:/SSTU Dosyalar/project_experiment_1/project_experiment_1.srcs/sources_1/new/TOP_Module.v:14]
ERROR: [VRFC 10-2538] module instantiation should have an instance name [C:/SSTU Dosyalar/project_experiment_1/project_experiment_1.srcs/sources_1/new/TOP_Module.v:19]
ERROR: [VRFC 10-2538] module instantiation should have an instance name [C:/SSTU Dosyalar/project_experiment_1/project_experiment_1.srcs/sources_1/new/TOP_Module.v:23]
ERROR: [VRFC 10-2538] module instantiation should have an instance name [C:/SSTU Dosyalar/project_experiment_1/project_experiment_1.srcs/sources_1/new/TOP_Module.v:28]
ERROR: [VRFC 10-2538] module instantiation should have an instance name [C:/SSTU Dosyalar/project_experiment_1/project_experiment_1.srcs/sources_1/new/TOP_Module.v:33]
ERROR: [VRFC 10-2538] module instantiation should have an instance name [C:/SSTU Dosyalar/project_experiment_1/project_experiment_1.srcs/sources_1/new/TOP_Module.v:38]
ERROR: [VRFC 10-2538] module instantiation should have an instance name [C:/SSTU Dosyalar/project_experiment_1/project_experiment_1.srcs/sources_1/new/TOP_Module.v:43]
ERROR: [XSIM 43-3322] Static elaboration of top level Verilog design unit(s) in library work failed.
INFO: [USF-XSim-69] 'elaborate' step finished in '1' seconds
INFO: [USF-XSim-99] Step results log file:'C:/SSTU Dosyalar/project_experiment_1/project_experiment_1.sim/sim_1/behav/xsim/elaborate.log'
ERROR: [USF-XSim-62] 'elaborate' step failed with error(s). Please check the Tcl console output or 'C:/SSTU Dosyalar/project_experiment_1/project_experiment_1.sim/sim_1/behav/xsim/elaborate.log' file for more information.
ERROR: [Vivado 12-4473] Detected error while running simulation. Please correct the issue and retry this operation.
ERROR: [Common 17-39] 'launch_simulation' failed due to earlier errors.
launch_simulation
INFO: [Vivado 12-5682] Launching behavioral simulation in 'C:/SSTU Dosyalar/project_experiment_1/project_experiment_1.sim/sim_1/behav/xsim'
INFO: [SIM-utils-51] Simulation object is 'sim_1'
INFO: [SIM-utils-54] Inspecting design source files for 'TOP_Module_tb' in fileset 'sim_1'...
INFO: [USF-XSim-97] Finding global include files...
INFO: [USF-XSim-100] Fetching design files from 'sources_1'...(this may take a while)...
INFO: [USF-XSim-101] Fetching design files from 'sim_1'...
INFO: [USF-XSim-2] XSim::Compile design
INFO: [USF-XSim-61] Executing 'COMPILE and ANALYZE' step in 'C:/SSTU Dosyalar/project_experiment_1/project_experiment_1.sim/sim_1/behav/xsim'
"xvlog --incr --relax -prj TOP_Module_tb_vlog.prj"
INFO: [VRFC 10-2263] Analyzing Verilog file "C:/SSTU Dosyalar/project_experiment_1/project_experiment_1.srcs/sources_1/new/SSI_Library.v" into library xil_defaultlib
INFO: [VRFC 10-311] analyzing module AND
INFO: [VRFC 10-311] analyzing module OR
INFO: [VRFC 10-311] analyzing module NOT
INFO: [VRFC 10-311] analyzing module NAND
INFO: [VRFC 10-311] analyzing module NOR
INFO: [VRFC 10-311] analyzing module EXNOR
INFO: [VRFC 10-311] analyzing module EXOR
INFO: [VRFC 10-311] analyzing module TRI
INFO: [VRFC 10-2263] Analyzing Verilog file "C:/SSTU Dosyalar/project_experiment_1/project_experiment_1.srcs/sources_1/new/TOP_Module.v" into library xil_defaultlib
INFO: [VRFC 10-311] analyzing module TOP_Module
INFO: [VRFC 10-2263] Analyzing Verilog file "C:/SSTU Dosyalar/project_experiment_1/project_experiment_1.srcs/sim_1/new/AND_tb.v" into library xil_defaultlib
INFO: [VRFC 10-311] analyzing module AND_tb
INFO: [VRFC 10-2263] Analyzing Verilog file "C:/SSTU Dosyalar/project_experiment_1/project_experiment_1.srcs/sim_1/new/EXNOR_tb.v" into library xil_defaultlib
INFO: [VRFC 10-311] analyzing module EXNOR_tb
INFO: [VRFC 10-2263] Analyzing Verilog file "C:/SSTU Dosyalar/project_experiment_1/project_experiment_1.srcs/sim_1/new/EXOR_tb.v" into library xil_defaultlib
INFO: [VRFC 10-311] analyzing module EXOR_tb
INFO: [VRFC 10-2263] Analyzing Verilog file "C:/SSTU Dosyalar/project_experiment_1/project_experiment_1.srcs/sim_1/new/NAND_tb.v" into library xil_defaultlib
INFO: [VRFC 10-311] analyzing module NAND_tb
INFO: [VRFC 10-2263] Analyzing Verilog file "C:/SSTU Dosyalar/project_experiment_1/project_experiment_1.srcs/sim_1/new/NOR_tb.v" into library xil_defaultlib
INFO: [VRFC 10-311] analyzing module NOR_tb
INFO: [VRFC 10-2263] Analyzing Verilog file "C:/SSTU Dosyalar/project_experiment_1/project_experiment_1.srcs/sim_1/new/NOT_tb.v" into library xil_defaultlib
INFO: [VRFC 10-311] analyzing module NOT_tb
INFO: [VRFC 10-2263] Analyzing Verilog file "C:/SSTU Dosyalar/project_experiment_1/project_experiment_1.srcs/sim_1/new/OR_tb.v" into library xil_defaultlib
INFO: [VRFC 10-311] analyzing module OR_tb
INFO: [VRFC 10-2263] Analyzing Verilog file "C:/SSTU Dosyalar/project_experiment_1/project_experiment_1.srcs/sim_1/new/TOP_Module_tb.v" into library xil_defaultlib
INFO: [VRFC 10-311] analyzing module Top_Module_tb
INFO: [VRFC 10-2263] Analyzing Verilog file "C:/SSTU Dosyalar/project_experiment_1/project_experiment_1.srcs/sim_1/new/TRI_tb.v" into library xil_defaultlib
INFO: [VRFC 10-311] analyzing module TRI_tb
INFO: [USF-XSim-69] 'compile' step finished in '1' seconds
INFO: [USF-XSim-3] XSim::Elaborate design
INFO: [USF-XSim-61] Executing 'ELABORATE' step in 'C:/SSTU Dosyalar/project_experiment_1/project_experiment_1.sim/sim_1/behav/xsim'
"xelab -wto b3bc00a0fa4c45c78ee69e75bf208d7b --incr --debug typical --relax --mt 2 -L xil_defaultlib -L unisims_ver -L unimacro_ver -L secureip --snapshot TOP_Module_tb_behav xil_defaultlib.TOP_Module_tb xil_defaultlib.glbl -log elaborate.log"
Vivado Simulator 2019.1
Copyright 1986-1999, 2001-2019 Xilinx, Inc. All Rights Reserved.
Running: D:/Xilinx/Vivado/2019.1/bin/unwrapped/win64.o/xelab.exe -wto b3bc00a0fa4c45c78ee69e75bf208d7b --incr --debug typical --relax --mt 2 -L xil_defaultlib -L unisims_ver -L unimacro_ver -L secureip --snapshot TOP_Module_tb_behav xil_defaultlib.TOP_Module_tb xil_defaultlib.glbl -log elaborate.log 
Using 2 slave threads.
Starting static elaboration
Completed static elaboration
Starting simulation data flow analysis
Completed simulation data flow analysis
Time Resolution for simulation is 1ps
Compiling module xil_defaultlib.AND
Compiling module xil_defaultlib.OR
Compiling module xil_defaultlib.NOT
Compiling module xil_defaultlib.NAND
Compiling module xil_defaultlib.NOR
Compiling module unisims_ver.x_lut2_mux4
Compiling module unisims_ver.LUT2
Compiling module xil_defaultlib.EXNOR
Compiling module xil_defaultlib.EXOR
Compiling module xil_defaultlib.TRI
Compiling module xil_defaultlib.TOP_Module
Compiling module xil_defaultlib.TOP_Module_tb
Compiling module xil_defaultlib.glbl
Built simulation snapshot TOP_Module_tb_behav

****** Webtalk v2019.1 (64-bit)
  **** SW Build 2552052 on Fri May 24 14:49:42 MDT 2019
  **** IP Build 2548770 on Fri May 24 18:01:18 MDT 2019
    ** Copyright 1986-2019 Xilinx, Inc. All Rights Reserved.

source C:/SSTU -notrace
couldn't read file "C:/SSTU": permission denied
INFO: [Common 17-206] Exiting Webtalk at Wed Oct 19 23:47:36 2022...
INFO: [USF-XSim-69] 'elaborate' step finished in '1' seconds
INFO: [USF-XSim-4] XSim::Simulate design
INFO: [USF-XSim-61] Executing 'SIMULATE' step in 'C:/SSTU Dosyalar/project_experiment_1/project_experiment_1.sim/sim_1/behav/xsim'
INFO: [USF-XSim-98] *** Running xsim
   with args "TOP_Module_tb_behav -key {Behavioral:sim_1:Functional:TOP_Module_tb} -tclbatch {TOP_Module_tb.tcl} -log {simulate.log}"
INFO: [USF-XSim-8] Loading simulator feature
Vivado Simulator 2019.1
Time resolution is 1 ps
source TOP_Module_tb.tcl
# set curr_wave [current_wave_config]
# if { [string length $curr_wave] == 0 } {
#   if { [llength [get_objects]] > 0} {
#     add_wave /
#     set_property needs_save false [current_wave_config]
#   } else {
#      send_msg_id Add_Wave-1 WARNING "No top level signals found. Simulator will start without a wave window. If you want to open a wave window go to 'File->New Waveform Configuration' or type 'create_wave_config' in the TCL console."
#   }
# }
# run 1000ns
INFO: [USF-XSim-96] XSim completed. Design snapshot 'TOP_Module_tb_behav' loaded.
INFO: [USF-XSim-97] XSim simulation ran for 1000ns
synth_design -rtl -name rtl_1
Command: synth_design -rtl -name rtl_1
Starting synth_design
Using part: xc7a100tcsg324-1
Top: TOP_Module
---------------------------------------------------------------------------------
Starting RTL Elaboration : Time (s): cpu = 00:00:02 ; elapsed = 00:00:03 . Memory (MB): peak = 2340.691 ; gain = 0.000
---------------------------------------------------------------------------------
INFO: [Synth 8-6157] synthesizing module 'TOP_Module' [C:/SSTU Dosyalar/project_experiment_1/project_experiment_1.srcs/sources_1/new/TOP_Module.v:4]
INFO: [Synth 8-6157] synthesizing module 'AND' [C:/SSTU Dosyalar/project_experiment_1/project_experiment_1.srcs/sources_1/new/SSI_Library.v:5]
INFO: [Synth 8-6155] done synthesizing module 'AND' (1#1) [C:/SSTU Dosyalar/project_experiment_1/project_experiment_1.srcs/sources_1/new/SSI_Library.v:5]
INFO: [Synth 8-6157] synthesizing module 'OR' [C:/SSTU Dosyalar/project_experiment_1/project_experiment_1.srcs/sources_1/new/SSI_Library.v:16]
INFO: [Synth 8-6155] done synthesizing module 'OR' (2#1) [C:/SSTU Dosyalar/project_experiment_1/project_experiment_1.srcs/sources_1/new/SSI_Library.v:16]
INFO: [Synth 8-6157] synthesizing module 'NOT' [C:/SSTU Dosyalar/project_experiment_1/project_experiment_1.srcs/sources_1/new/SSI_Library.v:27]
INFO: [Synth 8-6155] done synthesizing module 'NOT' (3#1) [C:/SSTU Dosyalar/project_experiment_1/project_experiment_1.srcs/sources_1/new/SSI_Library.v:27]
INFO: [Synth 8-6157] synthesizing module 'NAND' [C:/SSTU Dosyalar/project_experiment_1/project_experiment_1.srcs/sources_1/new/SSI_Library.v:38]
INFO: [Synth 8-6155] done synthesizing module 'NAND' (4#1) [C:/SSTU Dosyalar/project_experiment_1/project_experiment_1.srcs/sources_1/new/SSI_Library.v:38]
INFO: [Synth 8-6157] synthesizing module 'NOR' [C:/SSTU Dosyalar/project_experiment_1/project_experiment_1.srcs/sources_1/new/SSI_Library.v:54]
INFO: [Synth 8-6155] done synthesizing module 'NOR' (5#1) [C:/SSTU Dosyalar/project_experiment_1/project_experiment_1.srcs/sources_1/new/SSI_Library.v:54]
INFO: [Synth 8-6157] synthesizing module 'EXNOR' [C:/SSTU Dosyalar/project_experiment_1/project_experiment_1.srcs/sources_1/new/SSI_Library.v:69]
INFO: [Synth 8-6157] synthesizing module 'LUT2' [D:/Xilinx/Vivado/2019.1/scripts/rt/data/unisim_comp.v:39042]
	Parameter INIT bound to: 4'b1001 
INFO: [Synth 8-6155] done synthesizing module 'LUT2' (6#1) [D:/Xilinx/Vivado/2019.1/scripts/rt/data/unisim_comp.v:39042]
INFO: [Synth 8-6155] done synthesizing module 'EXNOR' (7#1) [C:/SSTU Dosyalar/project_experiment_1/project_experiment_1.srcs/sources_1/new/SSI_Library.v:69]
INFO: [Synth 8-6157] synthesizing module 'EXOR' [C:/SSTU Dosyalar/project_experiment_1/project_experiment_1.srcs/sources_1/new/SSI_Library.v:88]
INFO: [Synth 8-6157] synthesizing module 'LUT2__parameterized0' [D:/Xilinx/Vivado/2019.1/scripts/rt/data/unisim_comp.v:39042]
	Parameter INIT bound to: 4'b0110 
INFO: [Synth 8-6155] done synthesizing module 'LUT2__parameterized0' (7#1) [D:/Xilinx/Vivado/2019.1/scripts/rt/data/unisim_comp.v:39042]
INFO: [Synth 8-6155] done synthesizing module 'EXOR' (8#1) [C:/SSTU Dosyalar/project_experiment_1/project_experiment_1.srcs/sources_1/new/SSI_Library.v:88]
INFO: [Synth 8-6157] synthesizing module 'TRI' [C:/SSTU Dosyalar/project_experiment_1/project_experiment_1.srcs/sources_1/new/SSI_Library.v:107]
INFO: [Synth 8-6155] done synthesizing module 'TRI' (9#1) [C:/SSTU Dosyalar/project_experiment_1/project_experiment_1.srcs/sources_1/new/SSI_Library.v:107]
INFO: [Synth 8-6155] done synthesizing module 'TOP_Module' (10#1) [C:/SSTU Dosyalar/project_experiment_1/project_experiment_1.srcs/sources_1/new/TOP_Module.v:4]
WARNING: [Synth 8-3331] design TOP_Module has unconnected port IN[15]
---------------------------------------------------------------------------------
Finished RTL Elaboration : Time (s): cpu = 00:00:03 ; elapsed = 00:00:03 . Memory (MB): peak = 2340.691 ; gain = 0.000
---------------------------------------------------------------------------------

Report Check Netlist: 
+------+------------------+-------+---------+-------+------------------+
|      |Item              |Errors |Warnings |Status |Description       |
+------+------------------+-------+---------+-------+------------------+
|1     |multi_driven_nets |      0|        0|Passed |Multi driven nets |
+------+------------------+-------+---------+-------+------------------+
---------------------------------------------------------------------------------
Start Handling Custom Attributes
---------------------------------------------------------------------------------
---------------------------------------------------------------------------------
Finished Handling Custom Attributes : Time (s): cpu = 00:00:03 ; elapsed = 00:00:03 . Memory (MB): peak = 2340.691 ; gain = 0.000
---------------------------------------------------------------------------------
---------------------------------------------------------------------------------
Finished RTL Optimization Phase 1 : Time (s): cpu = 00:00:03 ; elapsed = 00:00:03 . Memory (MB): peak = 2340.691 ; gain = 0.000
---------------------------------------------------------------------------------
INFO: [Project 1-570] Preparing netlist for logic optimization
INFO: [Opt 31-140] Inserted 4 IBUFs to IO ports without IO buffers.
INFO: [Opt 31-141] Inserted 2 OBUFs to IO ports without IO buffers.

Processing XDC Constraints
Initializing timing engine
Completed Processing XDC Constraints

INFO: [Opt 31-138] Pushed 0 inverter(s) to 0 load pin(s).
Netlist sorting complete. Time (s): cpu = 00:00:00 ; elapsed = 00:00:00 . Memory (MB): peak = 2340.691 ; gain = 0.000
INFO: [Project 1-111] Unisim Transformation Summary:
No Unisim elements were transformed.

RTL Elaboration Complete:  : Time (s): cpu = 00:00:05 ; elapsed = 00:00:05 . Memory (MB): peak = 2340.691 ; gain = 0.000
27 Infos, 1 Warnings, 0 Critical Warnings and 0 Errors encountered.
synth_design completed successfully
reset_run synth_1
WARNING: [Vivado 12-1017] Problems encountered:
1. Failed to delete one or more files in run directory C:/SSTU Dosyalar/project_experiment_1/project_experiment_1.runs/synth_1

launch_runs synth_1 -jobs 6
[Wed Oct 19 23:49:36 2022] Launched synth_1...
Run output will be captured here: C:/SSTU Dosyalar/project_experiment_1/project_experiment_1.runs/synth_1/runme.log
add_files -fileset constrs_1 -norecurse C:/Users/akcil/Downloads/Nexys-4-DDR-Master.xdc
export_ip_user_files -of_objects  [get_files C:/Users/akcil/Downloads/Nexys-4-DDR-Master.xdc] -no_script -reset -force -quiet
remove_files  -fileset constrs_1 C:/Users/akcil/Downloads/Nexys-4-DDR-Master.xdc
add_files -fileset constrs_1 -norecurse C:/Users/akcil/Downloads/Nexys-4-DDR-Master.xdc
refresh_design
INFO: [Project 1-570] Preparing netlist for logic optimization

Processing XDC Constraints
Initializing timing engine
Parsing XDC File [C:/Users/akcil/Downloads/Nexys-4-DDR-Master.xdc]
Finished Parsing XDC File [C:/Users/akcil/Downloads/Nexys-4-DDR-Master.xdc]
Completed Processing XDC Constraints

INFO: [Opt 31-138] Pushed 0 inverter(s) to 0 load pin(s).
refresh_design: Time (s): cpu = 00:00:07 ; elapsed = 00:00:05 . Memory (MB): peak = 2340.691 ; gain = 0.000
reset_run synth_1
WARNING: [Vivado 12-1017] Problems encountered:
1. Failed to delete one or more files in run directory C:/SSTU Dosyalar/project_experiment_1/project_experiment_1.runs/synth_1

launch_runs synth_1 -jobs 6
[Wed Oct 19 23:57:50 2022] Launched synth_1...
Run output will be captured here: C:/SSTU Dosyalar/project_experiment_1/project_experiment_1.runs/synth_1/runme.log
close_design
open_run synth_1 -name synth_1
Design is defaulting to impl run constrset: constrs_1
Design is defaulting to synth run part: xc7a100tcsg324-1
INFO: [Project 1-479] Netlist was created with Vivado 2019.1
INFO: [Project 1-570] Preparing netlist for logic optimization
Parsing XDC File [C:/Users/akcil/Downloads/Nexys-4-DDR-Master.xdc]
Finished Parsing XDC File [C:/Users/akcil/Downloads/Nexys-4-DDR-Master.xdc]
INFO: [Opt 31-138] Pushed 0 inverter(s) to 0 load pin(s).
Netlist sorting complete. Time (s): cpu = 00:00:00 ; elapsed = 00:00:00 . Memory (MB): peak = 2340.691 ; gain = 0.000
INFO: [Project 1-111] Unisim Transformation Summary:
No Unisim elements were transformed.

launch_runs impl_1 -jobs 6
Netlist sorting complete. Time (s): cpu = 00:00:00 ; elapsed = 00:00:00 . Memory (MB): peak = 2340.691 ; gain = 0.000
Writing placer database...
INFO: [Timing 38-480] Writing timing data to binary archive.
Writing XDEF routing.
Writing XDEF routing logical nets.
Writing XDEF routing special nets.
Write XDEF Complete: Time (s): cpu = 00:00:00 ; elapsed = 00:00:00.161 . Memory (MB): peak = 2340.691 ; gain = 0.000
[Thu Oct 20 00:02:41 2022] Launched impl_1...
Run output will be captured here: C:/SSTU Dosyalar/project_experiment_1/project_experiment_1.runs/impl_1/runme.log
report_timing_summary -delay_type min_max -report_unconstrained -check_timing_verbose -max_paths 10 -input_pins -routable_nets -datasheet -name timing_1
INFO: [Timing 38-35] Done setting XDC timing constraints.
INFO: [Timing 38-91] UpdateTimingParams: Speed grade: -1, Delay Type: min_max.
INFO: [Timing 38-191] Multithreading enabled for timing update using a maximum of 2 CPUs
launch_runs impl_1 -to_step write_bitstream -jobs 6
[Thu Oct 20 00:04:12 2022] Launched impl_1...
Run output will be captured here: C:/SSTU Dosyalar/project_experiment_1/project_experiment_1.runs/impl_1/runme.log
open_run impl_1
INFO: [Project 1-479] Netlist was created with Vivado 2019.1
INFO: [Project 1-570] Preparing netlist for logic optimization
INFO: [Timing 38-478] Restoring timing data from binary archive.
INFO: [Timing 38-479] Binary timing data restore complete.
INFO: [Project 1-856] Restoring constraints from binary archive.
INFO: [Project 1-853] Binary constraint restore complete.
Reading XDEF placement.
Reading placer database...
Reading XDEF routing.
Read XDEF File: Time (s): cpu = 00:00:00 ; elapsed = 00:00:00.034 . Memory (MB): peak = 2397.348 ; gain = 0.000
Restored from archive | CPU: 0.000000 secs | Memory: 0.000000 MB |
Finished XDEF File Restore: Time (s): cpu = 00:00:00 ; elapsed = 00:00:00.034 . Memory (MB): peak = 2397.348 ; gain = 0.000
Netlist sorting complete. Time (s): cpu = 00:00:00 ; elapsed = 00:00:00 . Memory (MB): peak = 2397.348 ; gain = 0.000
INFO: [Project 1-111] Unisim Transformation Summary:
No Unisim elements were transformed.

WARNING: [Timing 38-313] There are no user specified timing constraints. Timing constraints are needed for proper timing analysis.
reset_run impl_1 -prev_step 
launch_runs impl_1 -to_step write_bitstream -jobs 6
[Thu Oct 20 00:09:57 2022] Launched impl_1...
Run output will be captured here: C:/SSTU Dosyalar/project_experiment_1/project_experiment_1.runs/impl_1/runme.log
open_hw
close_sim
INFO: [Simtcl 6-16] Simulation closed
exit
INFO: [Common 17-206] Exiting Vivado at Thu Oct 20 00:11:07 2022...
