Vivado Simulator 2019.1
Copyright 1986-1999, 2001-2019 Xilinx, Inc. All Rights Reserved.
Running: D:/Xilinx/Vivado/2019.1/bin/unwrapped/win64.o/xelab.exe -wto 32f55cd9c3ce49bfb02e7b68b8051ef7 --incr --debug typical --relax --mt 2 -L xil_defaultlib -L unisims_ver -L unimacro_ver -L secureip --snapshot TOP_TB_behav xil_defaultlib.TOP_TB xil_defaultlib.glbl -log elaborate.log 
Using 2 slave threads.
Starting static elaboration
WARNING: [VRFC 10-3091] actual bit length 32 differs from formal bit length 1 for port 'CI' [C:/SSTU Dosyalar/project_final/project_final.srcs/sources_1/new/ALU.v:70]
WARNING: [VRFC 10-3091] actual bit length 32 differs from formal bit length 1 for port 'D0' [C:/SSTU Dosyalar/project_final/project_final.srcs/sources_1/new/ALU.v:97]
WARNING: [VRFC 10-3091] actual bit length 32 differs from formal bit length 1 for port 'D1' [C:/SSTU Dosyalar/project_final/project_final.srcs/sources_1/new/ALU.v:98]
Completed static elaboration
Starting simulation data flow analysis
Completed simulation data flow analysis
Time Resolution for simulation is 1ps
Compiling module xil_defaultlib.CU
Compiling module xil_defaultlib.MUX_BUS(N=8,W=8)
Compiling module xil_defaultlib.DEC(N=4)
Compiling module xil_defaultlib.REG8
Compiling module xil_defaultlib.MUX_BUS(N=16,W=8)
Compiling module xil_defaultlib.RB_default
Compiling module xil_defaultlib.AND
Compiling module xil_defaultlib.BITWISE_AND(N=8)
Compiling module xil_defaultlib.XOR
Compiling module xil_defaultlib.BITWISE_XOR(N=8)
Compiling module xil_defaultlib.HA
Compiling module xil_defaultlib.OR
Compiling module xil_defaultlib.FA
Compiling module xil_defaultlib.RCA(N=8)
Compiling module xil_defaultlib.CIRCULAR_LSHIFT(N=8)
Compiling module xil_defaultlib.REDUCTION_NOR(N=8)
Compiling module xil_defaultlib.ZERO_COMPARE(N=8)
Compiling module xil_defaultlib.MUX_32x8
Compiling module xil_defaultlib.MUX_4x1
Compiling module xil_defaultlib.ALU
Compiling module xil_defaultlib.TOP
Compiling module xil_defaultlib.TOP_TB
Compiling module xil_defaultlib.glbl
Built simulation snapshot TOP_TB_behav
