Vivado Simulator 2019.1
Copyright 1986-1999, 2001-2019 Xilinx, Inc. All Rights Reserved.
Running: D:/Xilinx/Vivado/2019.1/bin/unwrapped/win64.o/xelab.exe -wto 0562c82e1c604f25b7d9d975254b134e --incr --debug typical --relax --mt 2 --maxdelay -L xil_defaultlib -L simprims_ver -L secureip --snapshot experiment3_tb_time_impl -transport_int_delays -pulse_r 0 -pulse_int_r 0 -pulse_e 0 -pulse_int_e 0 xil_defaultlib.experiment3_tb xil_defaultlib.glbl -log elaborate.log 
Using 2 slave threads.
Starting static elaboration
Completed static elaboration
Starting simulation data flow analysis
Completed simulation data flow analysis
INFO: [XSIM 43-3451] SDF backannotation process started with SDF file "experiment3_tb_time_impl.sdf", for root module "experiment3_tb/UUT".
INFO: [XSIM 43-3452] SDF backannotation was successful for SDF file "experiment3_tb_time_impl.sdf", for root module "experiment3_tb/UUT".
Time Resolution for simulation is 1ps
Compiling module simprims_ver.IBUF
Compiling module simprims_ver.LUT4
Compiling module xil_defaultlib.DECODER
Compiling module simprims_ver.OBUF
Compiling module simprims_ver.x_lut2_mux4
Compiling module simprims_ver.LUT2
Compiling module xil_defaultlib.with_decoder
Compiling module xil_defaultlib.experiment3_tb
Compiling module xil_defaultlib.glbl
Built simulation snapshot experiment3_tb_time_impl
